This is pdfTeX, Version 3.141592653-2.6-1.40.24 (MiKTeX 22.12) (preloaded format=pdflatex 2022.12.23)  7 JAN 2023 11:33
entering extended mode
 \write18 enabled.
 %&-line parsing enabled.
**./UPSTI_Snippets.tex
(UPSTI_Snippets.tex
LaTeX2e <2022-11-01> patch level 1
L3 programming layer <2022-12-17>
(C:\Users\emman\AppData\Local\Programs\MiKTeX\tex/latex/base\article.cls
Document Class: article 2022/07/02 v1.4n Standard LaTeX document class
(C:\Users\emman\AppData\Local\Programs\MiKTeX\tex/latex/base\size11.clo
File: size11.clo 2022/07/02 v1.4n Standard LaTeX file (size option)
)
\c@part=\count185
\c@section=\count186
\c@subsection=\count187
\c@subsubsection=\count188
\c@paragraph=\count189
\c@subparagraph=\count190
\c@figure=\count191
\c@table=\count192
\abovecaptionskip=\skip48
\belowcaptionskip=\skip49
\bibindent=\dimen140
)
(C:/OneDrive EN/OneDrive - ac-clermont.fr/LaTeX/_Packages\tex/latex/UPSTI\UPSTI
_Document.sty
Package: UPSTI_Document 2019/07/16

(C:\Users\emman\AppData\Local\Programs\MiKTeX\tex/latex/base\inputenc.sty
Package: inputenc 2021/02/14 v1.3d Input encoding file
\inpenc@prehook=\toks16
\inpenc@posthook=\toks17
)
(C:\Users\emman\AppData\Local\Programs\MiKTeX\tex/latex/base\fontenc.sty
Package: fontenc 2021/04/29 v2.0v Standard LaTeX package
)
(C:\Users\emman\AppData\Local\Programs\MiKTeX\tex/generic/babel\babel.sty
Package: babel 2022/11/30 3.83 The Babel package
\babel@savecnt=\count193
\U@D=\dimen141
\l@unhyphenated=\language79

(C:\Users\emman\AppData\Local\Programs\MiKTeX\tex/generic/babel\txtbabel.def)
\bbl@readstream=\read2
\bbl@dirlevel=\count194

*************************************
* Local config file bblopts.cfg used
*
(C:\Users\emman\AppData\Local\Programs\MiKTeX\tex/latex/arabi\bblopts.cfg
File: bblopts.cfg 2005/09/08 v0.1 add Arabic and Farsi to "declared" options of
 babel
)
(C:\Users\emman\AppData\Local\Programs\MiKTeX\tex/generic/babel-french\french.l
df
Language: french 2022/11/11 v3.5o French support from the babel system
Package babel Info: Hyphen rules for 'acadian' set to \l@french
(babel)             (\language22). Reported on input line 91.
Package babel Info: Hyphen rules for 'canadien' set to \l@french
(babel)             (\language22). Reported on input line 92.
\FB@nonchar=\count195
Package babel Info: Making : an active character on input line 395.
Package babel Info: Making ; an active character on input line 396.
Package babel Info: Making ! an active character on input line 397.
Package babel Info: Making ? an active character on input line 398.
\FBguill@level=\count196
\FBold@everypar=\toks18
\FB@Mht=\dimen142
\mc@charclass=\count197
\mc@charfam=\count198
\mc@charslot=\count199
\std@mcc=\count266
\dec@mcc=\count267
\listindentFB=\dimen143
\descindentFB=\dimen144
\labelindentFB=\dimen145
\labelwidthFB=\dimen146
\leftmarginFB=\dimen147
\parindentFFN=\dimen148
\FBfnindent=\dimen149
))
(C:\Users\emman\AppData\Local\Programs\MiKTeX\tex/generic/babel/locale/fr\babel
-french.tex
Package babel Info: Importing font and identification data for french
(babel)             from babel-fr.ini. Reported on input line 11.
)
(C:\Users\emman\AppData\Local\Programs\MiKTeX\tex/latex/carlisle\scalefnt.sty)
(C:\Users\emman\AppData\Local\Programs\MiKTeX\tex/latex/graphics\keyval.sty
Package: keyval 2022/05/29 v1.15 key=value parser (DPC)
\KV@toks@=\toks19
)
(C:\Users\emman\AppData\Local\Programs\MiKTeX\tex/latex/xcolor\xcolor.sty
Package: xcolor 2022/06/12 v2.14 LaTeX color extensions (UK)

(C:\Users\emman\AppData\Local\Programs\MiKTeX\tex/latex/graphics-cfg\color.cfg
File: color.cfg 2016/01/02 v1.6 sample color configuration
)
Package xcolor Info: Driver file: pdftex.def on input line 227.

(C:\Users\emman\AppData\Local\Programs\MiKTeX\tex/latex/graphics-def\pdftex.def
File: pdftex.def 2022/09/22 v1.2b Graphics/color driver for pdftex
)
(C:\Users\emman\AppData\Local\Programs\MiKTeX\tex/latex/graphics\mathcolor.ltx)
Package xcolor Info: Model `cmy' substituted by `cmy0' on input line 1353.
Package xcolor Info: Model `hsb' substituted by `rgb' on input line 1357.
Package xcolor Info: Model `RGB' extended on input line 1369.
Package xcolor Info: Model `HTML' substituted by `rgb' on input line 1371.
Package xcolor Info: Model `Hsb' substituted by `hsb' on input line 1372.
Package xcolor Info: Model `tHsb' substituted by `hsb' on input line 1373.
Package xcolor Info: Model `HSB' substituted by `hsb' on input line 1374.
Package xcolor Info: Model `Gray' substituted by `gray' on input line 1375.
Package xcolor Info: Model `wave' substituted by `hsb' on input line 1376.
(C:\Users\emman\AppData\Local\Programs\MiKTeX\tex/latex/xcolor\svgnam.def
File: svgnam.def 2022/06/12 v2.14 Predefined colors according to SVG 1.1 (UK)
))
(C:\Users\emman\AppData\Local\Programs\MiKTeX\tex/latex/geometry\geometry.sty
Package: geometry 2020/01/02 v5.9 Page Geometry

(C:\Users\emman\AppData\Local\Programs\MiKTeX\tex/generic/iftex\ifvtex.sty
Package: ifvtex 2019/10/25 v1.7 ifvtex legacy package. Use iftex instead.

(C:\Users\emman\AppData\Local\Programs\MiKTeX\tex/generic/iftex\iftex.sty
Package: iftex 2022/02/03 v1.0f TeX engine tests
))
\Gm@cnth=\count268
\Gm@cntv=\count269
\c@Gm@tempcnt=\count270
\Gm@bindingoffset=\dimen150
\Gm@wd@mp=\dimen151
\Gm@odd@mp=\dimen152
\Gm@even@mp=\dimen153
\Gm@layoutwidth=\dimen154
\Gm@layoutheight=\dimen155
\Gm@layouthoffset=\dimen156
\Gm@layoutvoffset=\dimen157
\Gm@dimlist=\toks20

(C:\Users\emman\AppData\Local\Programs\MiKTeX\tex/latex/geometry\geometry.cfg))
(C:\Users\emman\AppData\Local\Programs\MiKTeX\tex/latex/amsmath\amsmath.sty
Package: amsmath 2022/04/08 v2.17n AMS math features
\@mathmargin=\skip50

For additional information on amsmath, use the `?' option.
(C:\Users\emman\AppData\Local\Programs\MiKTeX\tex/latex/amsmath\amstext.sty
Package: amstext 2021/08/26 v2.01 AMS text

(C:\Users\emman\AppData\Local\Programs\MiKTeX\tex/latex/amsmath\amsgen.sty
File: amsgen.sty 1999/11/30 v2.0 generic functions
\@emptytoks=\toks21
\ex@=\dimen158
))
(C:\Users\emman\AppData\Local\Programs\MiKTeX\tex/latex/amsmath\amsbsy.sty
Package: amsbsy 1999/11/29 v1.2d Bold Symbols
\pmbraise@=\dimen159
)
(C:\Users\emman\AppData\Local\Programs\MiKTeX\tex/latex/amsmath\amsopn.sty
Package: amsopn 2022/04/08 v2.04 operator names
)
\inf@bad=\count271
LaTeX Info: Redefining \frac on input line 234.
\uproot@=\count272
\leftroot@=\count273
LaTeX Info: Redefining \overline on input line 399.
LaTeX Info: Redefining \colon on input line 410.
\classnum@=\count274
\DOTSCASE@=\count275
LaTeX Info: Redefining \ldots on input line 496.
LaTeX Info: Redefining \dots on input line 499.
LaTeX Info: Redefining \cdots on input line 620.
\Mathstrutbox@=\box51
\strutbox@=\box52
LaTeX Info: Redefining \big on input line 722.
LaTeX Info: Redefining \Big on input line 723.
LaTeX Info: Redefining \bigg on input line 724.
LaTeX Info: Redefining \Bigg on input line 725.
\big@size=\dimen160
LaTeX Font Info:    Redeclaring font encoding OML on input line 743.
LaTeX Font Info:    Redeclaring font encoding OMS on input line 744.
\macc@depth=\count276
LaTeX Info: Redefining \bmod on input line 905.
LaTeX Info: Redefining \pmod on input line 910.
LaTeX Info: Redefining \smash on input line 940.
LaTeX Info: Redefining \relbar on input line 970.
LaTeX Info: Redefining \Relbar on input line 971.
\c@MaxMatrixCols=\count277
\dotsspace@=\muskip16
\c@parentequation=\count278
\dspbrk@lvl=\count279
\tag@help=\toks22
\row@=\count280
\column@=\count281
\maxfields@=\count282
\andhelp@=\toks23
\eqnshift@=\dimen161
\alignsep@=\dimen162
\tagshift@=\dimen163
\tagwidth@=\dimen164
\totwidth@=\dimen165
\lineht@=\dimen166
\@envbody=\toks24
\multlinegap=\skip51
\multlinetaggap=\skip52
\mathdisplay@stack=\toks25
LaTeX Info: Redefining \[ on input line 2953.
LaTeX Info: Redefining \] on input line 2954.
)
(C:\Users\emman\AppData\Local\Programs\MiKTeX\tex/latex/amsfonts\amssymb.sty
Package: amssymb 2013/01/14 v3.01 AMS font symbols

(C:\Users\emman\AppData\Local\Programs\MiKTeX\tex/latex/amsfonts\amsfonts.sty
Package: amsfonts 2013/01/14 v3.01 Basic AMSFonts support
\symAMSa=\mathgroup4
\symAMSb=\mathgroup5
LaTeX Font Info:    Redeclaring math symbol \hbar on input line 98.
LaTeX Font Info:    Overwriting math alphabet `\mathfrak' in version `bold'
(Font)                  U/euf/m/n --> U/euf/b/n on input line 106.
)) (C:\Users\emman\AppData\Local\Programs\MiKTeX\tex/latex/jknappen\mathrsfs.st
y
Package: mathrsfs 1996/01/01 Math RSFS package v1.0 (jk)
\symrsfs=\mathgroup6
) (C:\Users\emman\AppData\Local\Programs\MiKTeX\tex/latex/etoolbox\etoolbox.sty
Package: etoolbox 2020/10/05 v2.5k e-TeX tools for LaTeX (JAW)
\etb@tempcnta=\count283
) (C:\Users\emman\AppData\Local\Programs\MiKTeX\tex/latex/xargs\xargs.sty
Package: xargs 2008/03/22 v1.1  extended macro definitions  (mpg)

(C:\Users\emman\AppData\Local\Programs\MiKTeX\tex/latex/xkeyval\xkeyval.sty
Package: xkeyval 2022/06/16 v2.9 package option processing (HA)

(C:\Users\emman\AppData\Local\Programs\MiKTeX\tex/generic/xkeyval\xkeyval.tex
(C:\Users\emman\AppData\Local\Programs\MiKTeX\tex/generic/xkeyval\xkvutils.tex
\XKV@toks=\toks26
\XKV@tempa@toks=\toks27
)
\XKV@depth=\count284
File: xkeyval.tex 2014/12/03 v2.7a key=value parser (HA)
))
\xargs@max=\count285
\xargs@toksa=\toks28
\xargs@toksb=\toks29
) (C:\Users\emman\AppData\Local\Programs\MiKTeX\tex/latex/tools\tabularx.sty
Package: tabularx 2020/01/15 v2.11c `tabularx' package (DPC)

(C:\Users\emman\AppData\Local\Programs\MiKTeX\tex/latex/tools\array.sty
Package: array 2022/03/10 v2.5f Tabular extension package (FMi)
\col@sep=\dimen167
\ar@mcellbox=\box53
\extrarowheight=\dimen168
\NC@list=\toks30
\extratabsurround=\skip53
\backup@length=\skip54
\ar@cellbox=\box54
)
\TX@col@width=\dimen169
\TX@old@table=\dimen170
\TX@old@col=\dimen171
\TX@target=\dimen172
\TX@delta=\dimen173
\TX@cols=\count286
\TX@ftn=\toks31
)
(C:\Users\emman\AppData\Local\Programs\MiKTeX\tex/latex/fancyhdr\fancyhdr.sty
Package: fancyhdr 2022/11/09 v4.1 Extensive control of page headers and footers

\f@nch@headwidth=\skip55
\f@nch@O@elh=\skip56
\f@nch@O@erh=\skip57
\f@nch@O@olh=\skip58
\f@nch@O@orh=\skip59
\f@nch@O@elf=\skip60
\f@nch@O@erf=\skip61
\f@nch@O@olf=\skip62
\f@nch@O@orf=\skip63
)
(C:\Users\emman\AppData\Local\Programs\MiKTeX\tex/latex/lastpage\lastpage.sty
Package: lastpage 2021/09/03 v1.2n Refers to last page's name (HMM; JPG)
)
(C:\Users\emman\AppData\Local\Programs\MiKTeX\tex/latex/hyperref\hyperref.sty
Package: hyperref 2022-11-13 v7.00u Hypertext links for LaTeX

(C:\Users\emman\AppData\Local\Programs\MiKTeX\tex/generic/ltxcmds\ltxcmds.sty
Package: ltxcmds 2020-05-10 v1.25 LaTeX kernel commands for general use (HO)
)
(C:\Users\emman\AppData\Local\Programs\MiKTeX\tex/generic/pdftexcmds\pdftexcmds
.sty
Package: pdftexcmds 2020-06-27 v0.33 Utility functions of pdfTeX for LuaTeX (HO
)

(C:\Users\emman\AppData\Local\Programs\MiKTeX\tex/generic/infwarerr\infwarerr.s
ty
Package: infwarerr 2019/12/03 v1.5 Providing info/warning/error messages (HO)
)
Package pdftexcmds Info: \pdf@primitive is available.
Package pdftexcmds Info: \pdf@ifprimitive is available.
Package pdftexcmds Info: \pdfdraftmode found.
)
(C:\Users\emman\AppData\Local\Programs\MiKTeX\tex/latex/kvsetkeys\kvsetkeys.sty
Package: kvsetkeys 2022-10-05 v1.19 Key value parser (HO)
)
(C:\Users\emman\AppData\Local\Programs\MiKTeX\tex/generic/kvdefinekeys\kvdefine
keys.sty
Package: kvdefinekeys 2019-12-19 v1.6 Define keys (HO)
)
(C:\Users\emman\AppData\Local\Programs\MiKTeX\tex/generic/pdfescape\pdfescape.s
ty
Package: pdfescape 2019/12/09 v1.15 Implements pdfTeX's escape features (HO)
) (C:\Users\emman\AppData\Local\Programs\MiKTeX\tex/latex/hycolor\hycolor.sty
Package: hycolor 2020-01-27 v1.10 Color options for hyperref/bookmark (HO)
)
(C:\Users\emman\AppData\Local\Programs\MiKTeX\tex/latex/letltxmacro\letltxmacro
.sty
Package: letltxmacro 2019/12/03 v1.6 Let assignment for LaTeX macros (HO)
)
(C:\Users\emman\AppData\Local\Programs\MiKTeX\tex/latex/auxhook\auxhook.sty
Package: auxhook 2019-12-17 v1.6 Hooks for auxiliary files (HO)
)
(C:\Users\emman\AppData\Local\Programs\MiKTeX\tex/latex/hyperref\nameref.sty
Package: nameref 2022-05-17 v2.50 Cross-referencing by name of section

(C:\Users\emman\AppData\Local\Programs\MiKTeX\tex/latex/refcount\refcount.sty
Package: refcount 2019/12/15 v3.6 Data extraction from label references (HO)
)
(C:\Users\emman\AppData\Local\Programs\MiKTeX\tex/generic/gettitlestring\gettit
lestring.sty
Package: gettitlestring 2019/12/15 v1.6 Cleanup title references (HO)

(C:\Users\emman\AppData\Local\Programs\MiKTeX\tex/latex/kvoptions\kvoptions.sty
Package: kvoptions 2022-06-15 v3.15 Key value format for package options (HO)
))
\c@section@level=\count287
)
\@linkdim=\dimen174
\Hy@linkcounter=\count288
\Hy@pagecounter=\count289
 (C:\Users\emman\AppData\Local\Programs\MiKTeX\tex/latex/hyperref\pd1enc.def
File: pd1enc.def 2022-11-13 v7.00u Hyperref: PDFDocEncoding definition (HO)
Now handling font encoding PD1 ...
... no UTF-8 mapping file for font encoding PD1
) (C:\Users\emman\AppData\Local\Programs\MiKTeX\tex/generic/intcalc\intcalc.sty
Package: intcalc 2019/12/15 v1.3 Expandable calculations with integers (HO)
)
(C:\Users\emman\AppData\Local\Programs\MiKTeX\tex/generic/etexcmds\etexcmds.sty
Package: etexcmds 2019/12/15 v1.7 Avoid name clashes with e-TeX commands (HO)
)
\Hy@SavedSpaceFactor=\count290
 (C:\Users\emman\AppData\Local\Programs\MiKTeX\tex/latex/hyperref\puenc.def
File: puenc.def 2022-11-13 v7.00u Hyperref: PDF Unicode definition (HO)
Now handling font encoding PU ...
... no UTF-8 mapping file for font encoding PU
)
Package hyperref Info: Hyper figures OFF on input line 4162.
Package hyperref Info: Link nesting OFF on input line 4167.
Package hyperref Info: Hyper index ON on input line 4170.
Package hyperref Info: Plain pages OFF on input line 4177.
Package hyperref Info: Backreferencing OFF on input line 4182.
Package hyperref Info: Implicit mode ON; LaTeX internals redefined.
Package hyperref Info: Bookmarks ON on input line 4410.
\c@Hy@tempcnt=\count291

(C:\Users\emman\AppData\Local\Programs\MiKTeX\tex/latex/url\url.sty
\Urlmuskip=\muskip17
Package: url 2013/09/16  ver 3.4  Verb mode for urls, etc.
)
LaTeX Info: Redefining \url on input line 4748.
\XeTeXLinkMargin=\dimen175

(C:\Users\emman\AppData\Local\Programs\MiKTeX\tex/generic/bitset\bitset.sty
Package: bitset 2019/12/09 v1.3 Handle bit-vector datatype (HO)

(C:\Users\emman\AppData\Local\Programs\MiKTeX\tex/generic/bigintcalc\bigintcalc
.sty
Package: bigintcalc 2019/12/15 v1.5 Expandable calculations on big integers (HO
)
))
\Fld@menulength=\count292
\Field@Width=\dimen176
\Fld@charsize=\dimen177
Package hyperref Info: Hyper figures OFF on input line 6027.
Package hyperref Info: Link nesting OFF on input line 6032.
Package hyperref Info: Hyper index ON on input line 6035.
Package hyperref Info: backreferencing OFF on input line 6042.
Package hyperref Info: Link coloring OFF on input line 6047.
Package hyperref Info: Link coloring with OCG OFF on input line 6052.
Package hyperref Info: PDF/A mode OFF on input line 6057.

(C:\Users\emman\AppData\Local\Programs\MiKTeX\tex/latex/base\atbegshi-ltx.sty
Package: atbegshi-ltx 2021/01/10 v1.0c Emulation of the original atbegshi
package with kernel methods
)
\Hy@abspage=\count293
\c@Item=\count294
\c@Hfootnote=\count295
)
Package hyperref Info: Driver: hpdftex.
(C:\Users\emman\AppData\Local\Programs\MiKTeX\tex/latex/hyperref\hpdftex.def
File: hpdftex.def 2022-11-13 v7.00u Hyperref driver for pdfTeX

(C:\Users\emman\AppData\Local\Programs\MiKTeX\tex/latex/base\atveryend-ltx.sty
Package: atveryend-ltx 2020/08/19 v1.0a Emulation of the original atveryend pac
kage
with kernel methods
)
\Fld@listcount=\count296
\c@bookmark@seq@number=\count297

(C:\Users\emman\AppData\Local\Programs\MiKTeX\tex/latex/rerunfilecheck\rerunfil
echeck.sty
Package: rerunfilecheck 2022-07-10 v1.10 Rerun checks for auxiliary files (HO)

(C:\Users\emman\AppData\Local\Programs\MiKTeX\tex/generic/uniquecounter\uniquec
ounter.sty
Package: uniquecounter 2019/12/15 v1.4 Provide unlimited unique counter (HO)
)
Package uniquecounter Info: New unique counter `rerunfilecheck' on input line 2
85.
)
\Hy@SectionHShift=\skip64
)
(C:\Users\emman\AppData\Local\Programs\MiKTeX\tex/latex/enumitem\enumitem.sty
Package: enumitem 2019/06/20 v3.9 Customized lists
\labelindent=\skip65
\enit@outerparindent=\dimen178
\enit@toks=\toks32
\enit@inbox=\box55
\enit@count@id=\count298
\enitdp@description=\count299
)
(C:\Users\emman\AppData\Local\Programs\MiKTeX\tex/latex/background\background.s
ty
Package: background 2014/03/04 v2.1 background material

(C:\Users\emman\AppData\Local\Programs\MiKTeX\tex/latex/pgf/frontendlayer\tikz.
sty
(C:\Users\emman\AppData\Local\Programs\MiKTeX\tex/latex/pgf/basiclayer\pgf.sty
(C:\Users\emman\AppData\Local\Programs\MiKTeX\tex/latex/pgf/utilities\pgfrcs.st
y
(C:\Users\emman\AppData\Local\Programs\MiKTeX\tex/generic/pgf/utilities\pgfutil
-common.tex
\pgfutil@everybye=\toks33
\pgfutil@tempdima=\dimen179
\pgfutil@tempdimb=\dimen180

(C:\Users\emman\AppData\Local\Programs\MiKTeX\tex/generic/pgf/utilities\pgfutil
-common-lists.tex))
(C:\Users\emman\AppData\Local\Programs\MiKTeX\tex/generic/pgf/utilities\pgfutil
-latex.def
\pgfutil@abb=\box56
)
(C:\Users\emman\AppData\Local\Programs\MiKTeX\tex/generic/pgf/utilities\pgfrcs.
code.tex
(C:\Users\emman\AppData\Local\Programs\MiKTeX\tex/generic/pgf\pgf.revision.tex)
Package: pgfrcs 2021/05/15 v3.1.9a (3.1.9a)
))
Package: pgf 2021/05/15 v3.1.9a (3.1.9a)

(C:\Users\emman\AppData\Local\Programs\MiKTeX\tex/latex/pgf/basiclayer\pgfcore.
sty
(C:\Users\emman\AppData\Local\Programs\MiKTeX\tex/latex/graphics\graphicx.sty
Package: graphicx 2021/09/16 v1.2d Enhanced LaTeX Graphics (DPC,SPQR)

(C:\Users\emman\AppData\Local\Programs\MiKTeX\tex/latex/graphics\graphics.sty
Package: graphics 2022/03/10 v1.4e Standard LaTeX Graphics (DPC,SPQR)

(C:\Users\emman\AppData\Local\Programs\MiKTeX\tex/latex/graphics\trig.sty
Package: trig 2021/08/11 v1.11 sin cos tan (DPC)
)
(C:\Users\emman\AppData\Local\Programs\MiKTeX\tex/latex/graphics-cfg\graphics.c
fg
File: graphics.cfg 2016/06/04 v1.11 sample graphics configuration
)
Package graphics Info: Driver file: pdftex.def on input line 107.
)
\Gin@req@height=\dimen181
\Gin@req@width=\dimen182
)
(C:\Users\emman\AppData\Local\Programs\MiKTeX\tex/latex/pgf/systemlayer\pgfsys.
sty
(C:\Users\emman\AppData\Local\Programs\MiKTeX\tex/generic/pgf/systemlayer\pgfsy
s.code.tex
Package: pgfsys 2021/05/15 v3.1.9a (3.1.9a)

(C:\Users\emman\AppData\Local\Programs\MiKTeX\tex/generic/pgf/utilities\pgfkeys
.code.tex
\pgfkeys@pathtoks=\toks34
\pgfkeys@temptoks=\toks35

(C:\Users\emman\AppData\Local\Programs\MiKTeX\tex/generic/pgf/utilities\pgfkeys
filtered.code.tex
\pgfkeys@tmptoks=\toks36
))
\pgf@x=\dimen183
\pgf@y=\dimen184
\pgf@xa=\dimen185
\pgf@ya=\dimen186
\pgf@xb=\dimen187
\pgf@yb=\dimen188
\pgf@xc=\dimen189
\pgf@yc=\dimen190
\pgf@xd=\dimen191
\pgf@yd=\dimen192
\w@pgf@writea=\write3
\r@pgf@reada=\read3
\c@pgf@counta=\count300
\c@pgf@countb=\count301
\c@pgf@countc=\count302
\c@pgf@countd=\count303
\t@pgf@toka=\toks37
\t@pgf@tokb=\toks38
\t@pgf@tokc=\toks39
\pgf@sys@id@count=\count304

(C:\Users\emman\AppData\Local\Programs\MiKTeX\tex/generic/pgf/systemlayer\pgf.c
fg
File: pgf.cfg 2021/05/15 v3.1.9a (3.1.9a)
)
Driver file for pgf: pgfsys-pdftex.def

(C:\Users\emman\AppData\Local\Programs\MiKTeX\tex/generic/pgf/systemlayer\pgfsy
s-pdftex.def
File: pgfsys-pdftex.def 2021/05/15 v3.1.9a (3.1.9a)

(C:\Users\emman\AppData\Local\Programs\MiKTeX\tex/generic/pgf/systemlayer\pgfsy
s-common-pdf.def
File: pgfsys-common-pdf.def 2021/05/15 v3.1.9a (3.1.9a)
)))
(C:\Users\emman\AppData\Local\Programs\MiKTeX\tex/generic/pgf/systemlayer\pgfsy
ssoftpath.code.tex
File: pgfsyssoftpath.code.tex 2021/05/15 v3.1.9a (3.1.9a)
\pgfsyssoftpath@smallbuffer@items=\count305
\pgfsyssoftpath@bigbuffer@items=\count306
)
(C:\Users\emman\AppData\Local\Programs\MiKTeX\tex/generic/pgf/systemlayer\pgfsy
sprotocol.code.tex
File: pgfsysprotocol.code.tex 2021/05/15 v3.1.9a (3.1.9a)
))
(C:\Users\emman\AppData\Local\Programs\MiKTeX\tex/generic/pgf/basiclayer\pgfcor
e.code.tex
Package: pgfcore 2021/05/15 v3.1.9a (3.1.9a)

(C:\Users\emman\AppData\Local\Programs\MiKTeX\tex/generic/pgf/math\pgfmath.code
.tex
(C:\Users\emman\AppData\Local\Programs\MiKTeX\tex/generic/pgf/math\pgfmathcalc.
code.tex
(C:\Users\emman\AppData\Local\Programs\MiKTeX\tex/generic/pgf/math\pgfmathutil.
code.tex)
(C:\Users\emman\AppData\Local\Programs\MiKTeX\tex/generic/pgf/math\pgfmathparse
r.code.tex
\pgfmath@dimen=\dimen193
\pgfmath@count=\count307
\pgfmath@box=\box57
\pgfmath@toks=\toks40
\pgfmath@stack@operand=\toks41
\pgfmath@stack@operation=\toks42
)
(C:\Users\emman\AppData\Local\Programs\MiKTeX\tex/generic/pgf/math\pgfmathfunct
ions.code.tex
(C:\Users\emman\AppData\Local\Programs\MiKTeX\tex/generic/pgf/math\pgfmathfunct
ions.basic.code.tex)
(C:\Users\emman\AppData\Local\Programs\MiKTeX\tex/generic/pgf/math\pgfmathfunct
ions.trigonometric.code.tex)
(C:\Users\emman\AppData\Local\Programs\MiKTeX\tex/generic/pgf/math\pgfmathfunct
ions.random.code.tex)
(C:\Users\emman\AppData\Local\Programs\MiKTeX\tex/generic/pgf/math\pgfmathfunct
ions.comparison.code.tex)
(C:\Users\emman\AppData\Local\Programs\MiKTeX\tex/generic/pgf/math\pgfmathfunct
ions.base.code.tex)
(C:\Users\emman\AppData\Local\Programs\MiKTeX\tex/generic/pgf/math\pgfmathfunct
ions.round.code.tex)
(C:\Users\emman\AppData\Local\Programs\MiKTeX\tex/generic/pgf/math\pgfmathfunct
ions.misc.code.tex)
(C:\Users\emman\AppData\Local\Programs\MiKTeX\tex/generic/pgf/math\pgfmathfunct
ions.integerarithmetics.code.tex)))
(C:\Users\emman\AppData\Local\Programs\MiKTeX\tex/generic/pgf/math\pgfmathfloat
.code.tex
\c@pgfmathroundto@lastzeros=\count308
))
(C:\Users\emman\AppData\Local\Programs\MiKTeX\tex/generic/pgf/math\pgfint.code.
tex)
(C:\Users\emman\AppData\Local\Programs\MiKTeX\tex/generic/pgf/basiclayer\pgfcor
epoints.code.tex
File: pgfcorepoints.code.tex 2021/05/15 v3.1.9a (3.1.9a)
\pgf@picminx=\dimen194
\pgf@picmaxx=\dimen195
\pgf@picminy=\dimen196
\pgf@picmaxy=\dimen197
\pgf@pathminx=\dimen198
\pgf@pathmaxx=\dimen199
\pgf@pathminy=\dimen256
\pgf@pathmaxy=\dimen257
\pgf@xx=\dimen258
\pgf@xy=\dimen259
\pgf@yx=\dimen260
\pgf@yy=\dimen261
\pgf@zx=\dimen262
\pgf@zy=\dimen263
)
(C:\Users\emman\AppData\Local\Programs\MiKTeX\tex/generic/pgf/basiclayer\pgfcor
epathconstruct.code.tex
File: pgfcorepathconstruct.code.tex 2021/05/15 v3.1.9a (3.1.9a)
\pgf@path@lastx=\dimen264
\pgf@path@lasty=\dimen265
)
(C:\Users\emman\AppData\Local\Programs\MiKTeX\tex/generic/pgf/basiclayer\pgfcor
epathusage.code.tex
File: pgfcorepathusage.code.tex 2021/05/15 v3.1.9a (3.1.9a)
\pgf@shorten@end@additional=\dimen266
\pgf@shorten@start@additional=\dimen267
)
(C:\Users\emman\AppData\Local\Programs\MiKTeX\tex/generic/pgf/basiclayer\pgfcor
escopes.code.tex
File: pgfcorescopes.code.tex 2021/05/15 v3.1.9a (3.1.9a)
\pgfpic=\box58
\pgf@hbox=\box59
\pgf@layerbox@main=\box60
\pgf@picture@serial@count=\count309
)
(C:\Users\emman\AppData\Local\Programs\MiKTeX\tex/generic/pgf/basiclayer\pgfcor
egraphicstate.code.tex
File: pgfcoregraphicstate.code.tex 2021/05/15 v3.1.9a (3.1.9a)
\pgflinewidth=\dimen268
)
(C:\Users\emman\AppData\Local\Programs\MiKTeX\tex/generic/pgf/basiclayer\pgfcor
etransformations.code.tex
File: pgfcoretransformations.code.tex 2021/05/15 v3.1.9a (3.1.9a)
\pgf@pt@x=\dimen269
\pgf@pt@y=\dimen270
\pgf@pt@temp=\dimen271
)
(C:\Users\emman\AppData\Local\Programs\MiKTeX\tex/generic/pgf/basiclayer\pgfcor
equick.code.tex
File: pgfcorequick.code.tex 2021/05/15 v3.1.9a (3.1.9a)
)
(C:\Users\emman\AppData\Local\Programs\MiKTeX\tex/generic/pgf/basiclayer\pgfcor
eobjects.code.tex
File: pgfcoreobjects.code.tex 2021/05/15 v3.1.9a (3.1.9a)
)
(C:\Users\emman\AppData\Local\Programs\MiKTeX\tex/generic/pgf/basiclayer\pgfcor
epathprocessing.code.tex
File: pgfcorepathprocessing.code.tex 2021/05/15 v3.1.9a (3.1.9a)
)
(C:\Users\emman\AppData\Local\Programs\MiKTeX\tex/generic/pgf/basiclayer\pgfcor
earrows.code.tex
File: pgfcorearrows.code.tex 2021/05/15 v3.1.9a (3.1.9a)
\pgfarrowsep=\dimen272
)
(C:\Users\emman\AppData\Local\Programs\MiKTeX\tex/generic/pgf/basiclayer\pgfcor
eshade.code.tex
File: pgfcoreshade.code.tex 2021/05/15 v3.1.9a (3.1.9a)
\pgf@max=\dimen273
\pgf@sys@shading@range@num=\count310
\pgf@shadingcount=\count311
)
(C:\Users\emman\AppData\Local\Programs\MiKTeX\tex/generic/pgf/basiclayer\pgfcor
eimage.code.tex
File: pgfcoreimage.code.tex 2021/05/15 v3.1.9a (3.1.9a)

(C:\Users\emman\AppData\Local\Programs\MiKTeX\tex/generic/pgf/basiclayer\pgfcor
eexternal.code.tex
File: pgfcoreexternal.code.tex 2021/05/15 v3.1.9a (3.1.9a)
\pgfexternal@startupbox=\box61
))
(C:\Users\emman\AppData\Local\Programs\MiKTeX\tex/generic/pgf/basiclayer\pgfcor
elayers.code.tex
File: pgfcorelayers.code.tex 2021/05/15 v3.1.9a (3.1.9a)
)
(C:\Users\emman\AppData\Local\Programs\MiKTeX\tex/generic/pgf/basiclayer\pgfcor
etransparency.code.tex
File: pgfcoretransparency.code.tex 2021/05/15 v3.1.9a (3.1.9a)
)
(C:\Users\emman\AppData\Local\Programs\MiKTeX\tex/generic/pgf/basiclayer\pgfcor
epatterns.code.tex
File: pgfcorepatterns.code.tex 2021/05/15 v3.1.9a (3.1.9a)
)
(C:\Users\emman\AppData\Local\Programs\MiKTeX\tex/generic/pgf/basiclayer\pgfcor
erdf.code.tex
File: pgfcorerdf.code.tex 2021/05/15 v3.1.9a (3.1.9a)
)))
(C:\Users\emman\AppData\Local\Programs\MiKTeX\tex/generic/pgf/modules\pgfmodule
shapes.code.tex
File: pgfmoduleshapes.code.tex 2021/05/15 v3.1.9a (3.1.9a)
\pgfnodeparttextbox=\box62
)
(C:\Users\emman\AppData\Local\Programs\MiKTeX\tex/generic/pgf/modules\pgfmodule
plot.code.tex
File: pgfmoduleplot.code.tex 2021/05/15 v3.1.9a (3.1.9a)
)
(C:\Users\emman\AppData\Local\Programs\MiKTeX\tex/latex/pgf/compatibility\pgfco
mp-version-0-65.sty
Package: pgfcomp-version-0-65 2021/05/15 v3.1.9a (3.1.9a)
\pgf@nodesepstart=\dimen274
\pgf@nodesepend=\dimen275
)
(C:\Users\emman\AppData\Local\Programs\MiKTeX\tex/latex/pgf/compatibility\pgfco
mp-version-1-18.sty
Package: pgfcomp-version-1-18 2021/05/15 v3.1.9a (3.1.9a)
))
(C:\Users\emman\AppData\Local\Programs\MiKTeX\tex/latex/pgf/utilities\pgffor.st
y
(C:\Users\emman\AppData\Local\Programs\MiKTeX\tex/latex/pgf/utilities\pgfkeys.s
ty
(C:\Users\emman\AppData\Local\Programs\MiKTeX\tex/generic/pgf/utilities\pgfkeys
.code.tex))
(C:\Users\emman\AppData\Local\Programs\MiKTeX\tex/latex/pgf/math\pgfmath.sty
(C:\Users\emman\AppData\Local\Programs\MiKTeX\tex/generic/pgf/math\pgfmath.code
.tex))
(C:\Users\emman\AppData\Local\Programs\MiKTeX\tex/generic/pgf/utilities\pgffor.
code.tex
Package: pgffor 2021/05/15 v3.1.9a (3.1.9a)

(C:\Users\emman\AppData\Local\Programs\MiKTeX\tex/generic/pgf/math\pgfmath.code
.tex)
\pgffor@iter=\dimen276
\pgffor@skip=\dimen277
\pgffor@stack=\toks43
\pgffor@toks=\toks44
))
(C:\Users\emman\AppData\Local\Programs\MiKTeX\tex/generic/pgf/frontendlayer/tik
z\tikz.code.tex
Package: tikz 2021/05/15 v3.1.9a (3.1.9a)

(C:\Users\emman\AppData\Local\Programs\MiKTeX\tex/generic/pgf/libraries\pgflibr
aryplothandlers.code.tex
File: pgflibraryplothandlers.code.tex 2021/05/15 v3.1.9a (3.1.9a)
\pgf@plot@mark@count=\count312
\pgfplotmarksize=\dimen278
)
\tikz@lastx=\dimen279
\tikz@lasty=\dimen280
\tikz@lastxsaved=\dimen281
\tikz@lastysaved=\dimen282
\tikz@lastmovetox=\dimen283
\tikz@lastmovetoy=\dimen284
\tikzleveldistance=\dimen285
\tikzsiblingdistance=\dimen286
\tikz@figbox=\box63
\tikz@figbox@bg=\box64
\tikz@tempbox=\box65
\tikz@tempbox@bg=\box66
\tikztreelevel=\count313
\tikznumberofchildren=\count314
\tikznumberofcurrentchild=\count315
\tikz@fig@count=\count316

(C:\Users\emman\AppData\Local\Programs\MiKTeX\tex/generic/pgf/modules\pgfmodule
matrix.code.tex
File: pgfmodulematrix.code.tex 2021/05/15 v3.1.9a (3.1.9a)
\pgfmatrixcurrentrow=\count317
\pgfmatrixcurrentcolumn=\count318
\pgf@matrix@numberofcolumns=\count319
)
\tikz@expandcount=\count320

(C:\Users\emman\AppData\Local\Programs\MiKTeX\tex/generic/pgf/frontendlayer/tik
z/libraries\tikzlibrarytopaths.code.tex
File: tikzlibrarytopaths.code.tex 2021/05/15 v3.1.9a (3.1.9a)
)))
(C:\Users\emman\AppData\Local\Programs\MiKTeX\tex/latex/everypage\everypage.sty
Package: everypage 2020/10/17 R2.0b Hooks to run on every page

Package everypage Warning: Functionality similar to this package has recently
(everypage)                been implemented in LaTeX. This package is now in
(everypage)                legacy status.
(everypage)                Please, don't use it in new documents and packages.


Package everypage Warning: You appear to be running a version of LaTeX
(everypage)                providing the new functionality.
(everypage)                Doing the best to deliver the original `everypage`
(everypage)                interface on top of it. Strict equivalence is
(everypage)                not possible, breakage may occur.
(everypage)                If truly needed, Use `everypage-1x` to force the
(everypage)                loading of an older code base.

) (C:\Users\emman\AppData\Local\Programs\MiKTeX\tex/latex/tools\afterpage.sty
Package: afterpage 2014/10/28 v1.08 After-Page Package (DPC)
\AP@output=\toks45
\AP@partial=\box67
\AP@footins=\box68
)) (C:\Users\emman\AppData\Local\Programs\MiKTeX\tex/latex/colortbl\colortbl.st
y
Package: colortbl 2022/06/20 v1.0f Color table columns (DPC)
\everycr=\toks46
\minrowclearance=\skip66
\rownum=\count321
)
(C:/OneDrive EN/OneDrive - ac-clermont.fr/LaTeX/_Packages\tex/latex/UPSTI\UPSTI
_Custom.sty
Package: UPSTI_Custom 2017/11/01
)
(C:/OneDrive EN/OneDrive - ac-clermont.fr/LaTeX/_Packages\tex/latex/UPSTI\UPSTI
_SI.sty
Package: UPSTI_SI 2019/07/16
 (C:\Users\emman\AppData\Local\Programs\MiKTeX\tex/latex/base\ifthen.sty
Package: ifthen 2022/04/13 v1.1d Standard LaTeX ifthen package (DPC)
) (C:\Users\emman\AppData\Local\Programs\MiKTeX\tex/latex/base\textcomp.sty
Package: textcomp 2020/02/02 v2.0n Standard LaTeX package
)
(C:\Users\emman\AppData\Local\Programs\MiKTeX\tex/latex/was\upgreek.sty
Package: upgreek 2003/02/12 v2.0 (WaS)
Package upgreek Info: Using Euler Roman for upright Greek on input line 31.
\symugrf@m=\mathgroup7
LaTeX Font Info:    Overwriting symbol font `ugrf@m' in version `bold'
(Font)                  U/eur/m/n --> U/eur/b/n on input line 38.
)
(C:\Users\emman\AppData\Local\Programs\MiKTeX\tex/latex/cases\cases.sty
Package: cases 2020/03/29 ver 3.2
\numc@numwid=\dimen287
)
(C:\Users\emman\AppData\Local\Programs\MiKTeX\tex/generic/pgf/frontendlayer/tik
z/libraries\tikzlibrarycalc.code.tex
File: tikzlibrarycalc.code.tex 2021/05/15 v3.1.9a (3.1.9a)
)
(C:\Users\emman\AppData\Local\Programs\MiKTeX\tex/generic/pgf/frontendlayer/tik
z/libraries\tikzlibrarybabel.code.tex
File: tikzlibrarybabel.code.tex 2021/05/15 v3.1.9a (3.1.9a)
)
(C:\Users\emman\AppData\Local\Programs\MiKTeX\tex/generic/pgf/frontendlayer/tik
z/libraries\tikzlibrarypatterns.code.tex
File: tikzlibrarypatterns.code.tex 2021/05/15 v3.1.9a (3.1.9a)

(C:\Users\emman\AppData\Local\Programs\MiKTeX\tex/generic/pgf/libraries\pgflibr
arypatterns.code.tex
File: pgflibrarypatterns.code.tex 2021/05/15 v3.1.9a (3.1.9a)
))
(C:/OneDrive EN/OneDrive - ac-clermont.fr/LaTeX/_Packages\tex/latex/UPSTI\UPSTI
_SI_Custom.sty
Package: UPSTI_SI_Custom 2017/11/01
))
(C:/OneDrive EN/OneDrive - ac-clermont.fr/LaTeX/_Packages\tex/latex/UPSTI\UPSTI
_Typographie.sty
Package: UPSTI_Typographie 2019/07/16

(C:\Users\emman\AppData\Local\Programs\MiKTeX\tex/latex/base\fontenc.sty
Package: fontenc 2021/04/29 v2.0v Standard LaTeX package
)
(C:\Users\emman\AppData\Local\Programs\MiKTeX\tex/latex/mathtools\empheq.sty
Package: empheq 2017/03/31 v2.15 Emphasizing equations

(C:\Users\emman\AppData\Local\Programs\MiKTeX\tex/latex/mathtools\mhsetup.sty
Package: mhsetup 2021/03/18 v1.4 programming setup (MH)
)
(C:\Users\emman\AppData\Local\Programs\MiKTeX\tex/latex/mathtools\mathtools.sty
Package: mathtools 2022/06/29 v1.29 mathematical typesetting tools
(C:\Users\emman\AppData\Local\Programs\MiKTeX\tex/latex/tools\calc.sty
Package: calc 2017/05/25 v4.3 Infix arithmetic (KKT,FJ)
\calc@Acount=\count322
\calc@Bcount=\count323
\calc@Adimen=\dimen288
\calc@Bdimen=\dimen289
\calc@Askip=\skip67
\calc@Bskip=\skip68
LaTeX Info: Redefining \setlength on input line 80.
LaTeX Info: Redefining \addtolength on input line 81.
\calc@Ccount=\count324
\calc@Cskip=\skip69
)
\g_MT_multlinerow_int=\count325
\l_MT_multwidth_dim=\dimen290
\origjot=\skip70
\l_MT_shortvdotswithinadjustabove_dim=\dimen291
\l_MT_shortvdotswithinadjustbelow_dim=\dimen292
\l_MT_above_intertext_sep=\dimen293
\l_MT_below_intertext_sep=\dimen294
\l_MT_above_shortintertext_sep=\dimen295
\l_MT_below_shortintertext_sep=\dimen296
\xmathstrut@box=\box69
\xmathstrut@dim=\dimen297
)
\l_EQ_equationtype_int=\count326
\l_EQ_alignmentmode_int=\count327
\l_EQ_totalwidth_dim=\dimen298
\l_EQ_displaywidth_dim=\dimen299
\l_EQ_temp_linewidth_dim=\dimen300
\l_EQ_linewidth_dim=\dimen301
\EmphEqdelimitershortfall=\dimen302
\EmphEqdelimiterfactor=\count328
\g_EQ_toptag_height_dim=\dimen303
\g_EQ_bottomtag_depth_dim=\dimen304
\g_EQ_toprow_height_dim=\dimen305
\g_EQ_bottomrow_depth_dim=\dimen306
\g_EQ_widesttag_dim=\dimen307
\EQ_mathdisplay_box=\box70
\EQ_tag_box=\box71
\g_EQ_temprow_int=\count329
)
(C:\Users\emman\AppData\Local\Programs\MiKTeX\tex/latex/psnfss\pifont.sty
Package: pifont 2020/03/25 PSNFSS-v9.3 Pi font support (SPQR) 
LaTeX Font Info:    Trying to load font information for U+pzd on input line 63.


(C:\Users\emman\AppData\Local\Programs\MiKTeX\tex/latex/psnfss\upzd.fd
File: upzd.fd 2001/06/04 font definitions for U/pzd.
)
LaTeX Font Info:    Trying to load font information for U+psy on input line 64.


(C:\Users\emman\AppData\Local\Programs\MiKTeX\tex/latex/psnfss\upsy.fd
File: upsy.fd 2001/06/04 font definitions for U/psy.
))
(C:\Users\emman\AppData\Local\Programs\MiKTeX\tex/latex/wasysym\wasysym.sty
Package: wasysym 2020/01/19 v2.4 Wasy-2 symbol support package
\symwasy=\mathgroup8
LaTeX Font Info:    Overwriting symbol font `wasy' in version `bold'
(Font)                  U/wasy/m/n --> U/wasy/b/n on input line 93.
)
(C:\Users\emman\AppData\Local\Programs\MiKTeX\tex/latex/wrapfig\wrapfig.sty
\wrapoverhang=\dimen308
\WF@size=\dimen309
\c@WF@wrappedlines=\count330
\WF@box=\box72
\WF@everypar=\toks47
Package: wrapfig 2003/01/31  v 3.6
)
(C:\Users\emman\AppData\Local\Programs\MiKTeX\tex/latex/caption\caption.sty
Package: caption 2022/03/01 v3.6b Customizing captions (AR)

(C:\Users\emman\AppData\Local\Programs\MiKTeX\tex/latex/caption\caption3.sty
Package: caption3 2022/03/17 v2.3b caption3 kernel (AR)
\caption@tempdima=\dimen310
\captionmargin=\dimen311
\caption@leftmargin=\dimen312
\caption@rightmargin=\dimen313
\caption@width=\dimen314
\caption@indent=\dimen315
\caption@parindent=\dimen316
\caption@hangindent=\dimen317
Package caption Info: Standard document class detected.
Package caption Info: french babel package is loaded.
)
\c@caption@flags=\count331
\c@continuedfloat=\count332
Package caption Info: hyperref package is loaded.
Package caption Info: wrapfig package is loaded.
)
(C:\Users\emman\AppData\Local\Programs\MiKTeX\tex/latex/caption\subcaption.sty
Package: subcaption 2022/01/07 v1.5 Sub-captions (AR)
\c@subfigure=\count333
\c@subtable=\count334
) (C:\Users\emman\AppData\Local\Programs\MiKTeX\tex/latex/bclogo\bclogo.sty
Package: bclogo 2016/01/10 v3.1
\bc@invboxh=\skip71
\bc@invboxd=\skip72
\bc@titleLength=\skip73
\logowidth=\skip74

(C:\Users\emman\AppData\Local\Programs\MiKTeX\tex/latex/mdframed\mdframed.sty
Package: mdframed 2013/07/01 1.9b: mdframed

(C:\Users\emman\AppData\Local\Programs\MiKTeX\tex/latex/l3packages/xparse\xpars
e.sty
(C:\Users\emman\AppData\Local\Programs\MiKTeX\tex/latex/l3kernel\expl3.sty
Package: expl3 2022-12-17 L3 programming layer (loader) 

(C:\Users\emman\AppData\Local\Programs\MiKTeX\tex/latex/l3backend\l3backend-pdf
tex.def
File: l3backend-pdftex.def 2022-10-26 L3 backend support: PDF output (pdfTeX)
\l__color_backend_stack_int=\count335
\l__pdf_internal_box=\box73
))
Package: xparse 2022-12-17 L3 Experimental document command parser
)
(C:\Users\emman\AppData\Local\Programs\MiKTeX\tex/latex/zref\zref-abspage.sty
Package: zref-abspage 2022-04-07 v2.34 Module abspage for zref (HO)

(C:\Users\emman\AppData\Local\Programs\MiKTeX\tex/latex/zref\zref-base.sty
Package: zref-base 2022-04-07 v2.34 Module base for zref (HO)
Package zref Info: New property list: main on input line 767.
Package zref Info: New property: default on input line 768.
Package zref Info: New property: page on input line 769.
)
\c@abspage=\count336
Package zref Info: New property: abspage on input line 65.
)
(C:\Users\emman\AppData\Local\Programs\MiKTeX\tex/latex/needspace\needspace.sty
Package: needspace 2010/09/12 v1.3d reserve vertical space
)
\mdf@templength=\skip75
\c@mdf@globalstyle@cnt=\count337
\mdf@skipabove@length=\skip76
\mdf@skipbelow@length=\skip77
\mdf@leftmargin@length=\skip78
\mdf@rightmargin@length=\skip79
\mdf@innerleftmargin@length=\skip80
\mdf@innerrightmargin@length=\skip81
\mdf@innertopmargin@length=\skip82
\mdf@innerbottommargin@length=\skip83
\mdf@splittopskip@length=\skip84
\mdf@splitbottomskip@length=\skip85
\mdf@outermargin@length=\skip86
\mdf@innermargin@length=\skip87
\mdf@linewidth@length=\skip88
\mdf@innerlinewidth@length=\skip89
\mdf@middlelinewidth@length=\skip90
\mdf@outerlinewidth@length=\skip91
\mdf@roundcorner@length=\skip92
\mdf@footenotedistance@length=\skip93
\mdf@userdefinedwidth@length=\skip94
\mdf@needspace@length=\skip95
\mdf@frametitleaboveskip@length=\skip96
\mdf@frametitlebelowskip@length=\skip97
\mdf@frametitlerulewidth@length=\skip98
\mdf@frametitleleftmargin@length=\skip99
\mdf@frametitlerightmargin@length=\skip100
\mdf@shadowsize@length=\skip101
\mdf@extratopheight@length=\skip102
\mdf@subtitleabovelinewidth@length=\skip103
\mdf@subtitlebelowlinewidth@length=\skip104
\mdf@subtitleaboveskip@length=\skip105
\mdf@subtitlebelowskip@length=\skip106
\mdf@subtitleinneraboveskip@length=\skip107
\mdf@subtitleinnerbelowskip@length=\skip108
\mdf@subsubtitleabovelinewidth@length=\skip109
\mdf@subsubtitlebelowlinewidth@length=\skip110
\mdf@subsubtitleaboveskip@length=\skip111
\mdf@subsubtitlebelowskip@length=\skip112
\mdf@subsubtitleinneraboveskip@length=\skip113
\mdf@subsubtitleinnerbelowskip@length=\skip114

(C:\Users\emman\AppData\Local\Programs\MiKTeX\tex/latex/mdframed\md-frame-1.mdf
File: md-frame-1.mdf 2013/07/01\ 1.9b: md-frame-1
)
\mdf@frametitlebox=\box74
\mdf@footnotebox=\box75
\mdf@splitbox@one=\box76
\mdf@splitbox@two=\box77
\mdf@splitbox@save=\box78
\mdfsplitboxwidth=\skip115
\mdfsplitboxtotalwidth=\skip116
\mdfsplitboxheight=\skip117
\mdfsplitboxdepth=\skip118
\mdfsplitboxtotalheight=\skip119
\mdfframetitleboxwidth=\skip120
\mdfframetitleboxtotalwidth=\skip121
\mdfframetitleboxheight=\skip122
\mdfframetitleboxdepth=\skip123
\mdfframetitleboxtotalheight=\skip124
\mdffootnoteboxwidth=\skip125
\mdffootnoteboxtotalwidth=\skip126
\mdffootnoteboxheight=\skip127
\mdffootnoteboxdepth=\skip128
\mdffootnoteboxtotalheight=\skip129
\mdftotallinewidth=\skip130
\mdfboundingboxwidth=\skip131
\mdfboundingboxtotalwidth=\skip132
\mdfboundingboxheight=\skip133
\mdfboundingboxdepth=\skip134
\mdfboundingboxtotalheight=\skip135
\mdf@freevspace@length=\skip136
\mdf@horizontalwidthofbox@length=\skip137
\mdf@verticalmarginwhole@length=\skip138
\mdf@horizontalspaceofbox=\skip139
\mdfsubtitleheight=\skip140
\mdfsubsubtitleheight=\skip141
\c@mdfcountframes=\count338

****** mdframed patching \endmdf@trivlist

****** -- success******

\mdf@envdepth=\count339
\c@mdf@env@i=\count340
\c@mdf@env@ii=\count341
\c@mdf@zref@counter=\count342
Package zref Info: New property: mdf@pagevalue on input line 895.
)
(C:\Users\emman\AppData\Local\Programs\MiKTeX\tex/generic/pgf/frontendlayer/tik
z/libraries\tikzlibraryshadows.code.tex
File: tikzlibraryshadows.code.tex 2021/05/15 v3.1.9a (3.1.9a)

(C:\Users\emman\AppData\Local\Programs\MiKTeX\tex/generic/pgf/frontendlayer/tik
z/libraries\tikzlibraryfadings.code.tex
File: tikzlibraryfadings.code.tex 2021/05/15 v3.1.9a (3.1.9a)

(C:\Users\emman\AppData\Local\Programs\MiKTeX\tex/generic/pgf/libraries\pgflibr
aryfadings.code.tex
File: pgflibraryfadings.code.tex 2021/05/15 v3.1.9a (3.1.9a)
)))
(C:\Users\emman\AppData\Local\Programs\MiKTeX\tex/generic/pgf/frontendlayer/tik
z/libraries\tikzlibrarydecorations.pathmorphing.code.tex
(C:\Users\emman\AppData\Local\Programs\MiKTeX\tex/generic/pgf/frontendlayer/tik
z/libraries\tikzlibrarydecorations.code.tex
(C:\Users\emman\AppData\Local\Programs\MiKTeX\tex/generic/pgf/modules\pgfmodule
decorations.code.tex
\pgfdecoratedcompleteddistance=\dimen318
\pgfdecoratedremainingdistance=\dimen319
\pgfdecoratedinputsegmentcompleteddistance=\dimen320
\pgfdecoratedinputsegmentremainingdistance=\dimen321
\pgf@decorate@distancetomove=\dimen322
\pgf@decorate@repeatstate=\count343
\pgfdecorationsegmentamplitude=\dimen323
\pgfdecorationsegmentlength=\dimen324
)
\tikz@lib@dec@box=\box79
)
(C:\Users\emman\AppData\Local\Programs\MiKTeX\tex/generic/pgf/libraries/decorat
ions\pgflibrarydecorations.pathmorphing.code.tex))
(C:\Users\emman\AppData\Local\Programs\MiKTeX\tex/generic/iftex\ifpdf.sty
Package: ifpdf 2019/10/25 v3.4 ifpdf legacy package. Use iftex instead.
)
\c@bclogocompteur=\count344
\bcval@epBarre=\skip142
\bcval@framesep=\skip143
\bcval@tailleOndu=\skip144
\bcval@borderWidth=\skip145
\bcval@margeG=\skip146
\bcval@margeD=\skip147
\bc@envbox=\box80
)
(C:\Users\emman\AppData\Local\Programs\MiKTeX\tex/latex/multido\multido.sty
Package: multido 2004/05/17 package wrapper for PSTricks `multido.tex', (HV/RN)


(C:\Users\emman\AppData\Local\Programs\MiKTeX\tex/generic/multido\multido.tex
 v1.42, 2010/05/14 <tvz>
\multido@count=\count345
\multidocount=\count346
\multido@stuff=\toks48
)
File: multido.tex 2010/05/14 v1.42 `multido' (tvz,hv)
)
(C:\Users\emman\AppData\Local\Programs\MiKTeX\tex/latex/listings\listings.sty
\lst@mode=\count347
\lst@gtempboxa=\box81
\lst@token=\toks49
\lst@length=\count348
\lst@currlwidth=\dimen325
\lst@column=\count349
\lst@pos=\count350
\lst@lostspace=\dimen326
\lst@width=\dimen327
\lst@newlines=\count351
\lst@lineno=\count352
\lst@maxwidth=\dimen328

(C:\Users\emman\AppData\Local\Programs\MiKTeX\tex/latex/listings\lstmisc.sty
File: lstmisc.sty 2020/03/24 1.8d (Carsten Heinz)
\c@lstnumber=\count353
\lst@skipnumbers=\count354
\lst@framebox=\box82
)
(C:\Users\emman\AppData\Local\Programs\MiKTeX\tex/latex/listings\listings.cfg
File: listings.cfg 2020/03/24 1.8d listings configuration
))
Package: listings 2020/03/24 1.8d (Carsten Heinz)
(C:\Users\emman\AppData\Local\Programs\MiKTeX\tex/latex/setspace\setspace.sty
Package: setspace 2022/12/04 v6.7b set line spacing
)
(C:\Users\emman\AppData\Local\Programs\MiKTeX\tex/latex/tools\longtable.sty
Package: longtable 2021-09-01 v4.17 Multi-page Table package (DPC)
\LTleft=\skip148
\LTright=\skip149
\LTpre=\skip150
\LTpost=\skip151
\LTchunksize=\count355
\LTcapwidth=\dimen329
\LT@head=\box83
\LT@firsthead=\box84
\LT@foot=\box85
\LT@lastfoot=\box86
\LT@gbox=\box87
\LT@cols=\count356
\LT@rows=\count357
\c@LT@tables=\count358
\c@LT@chunks=\count359
\LT@p@ftn=\toks50
)
(C:\Users\emman\AppData\Local\Programs\MiKTeX\tex/latex/tools\multicol.sty
Package: multicol 2021/11/30 v1.9d multicolumn formatting (FMi)
\c@tracingmulticols=\count360
\mult@box=\box88
\multicol@leftmargin=\dimen330
\c@unbalance=\count361
\c@collectmore=\count362
\doublecol@number=\count363
\multicoltolerance=\count364
\multicolpretolerance=\count365
\full@width=\dimen331
\page@free=\dimen332
\premulticols=\dimen333
\postmulticols=\dimen334
\multicolsep=\skip152
\multicolbaselineskip=\skip153
\partial@page=\box89
\last@line=\box90
\maxbalancingoverflow=\dimen335
\mult@rightbox=\box91
\mult@grightbox=\box92
\mult@firstbox=\box93
\mult@gfirstbox=\box94
\@tempa=\box95
\@tempa=\box96
\@tempa=\box97
\@tempa=\box98
\@tempa=\box99
\@tempa=\box100
\@tempa=\box101
\@tempa=\box102
\@tempa=\box103
\@tempa=\box104
\@tempa=\box105
\@tempa=\box106
\@tempa=\box107
\@tempa=\box108
\@tempa=\box109
\@tempa=\box110
\@tempa=\box111
\@tempa=\box112
\@tempa=\box113
\@tempa=\box114
\@tempa=\box115
\@tempa=\box116
\@tempa=\box117
\@tempa=\box118
\@tempa=\box119
\@tempa=\box120
\@tempa=\box121
\@tempa=\box122
\@tempa=\box123
\@tempa=\box124
\@tempa=\box125
\@tempa=\box126
\@tempa=\box127
\@tempa=\box128
\@tempa=\box129
\@tempa=\box130
\c@minrows=\count366
\c@columnbadness=\count367
\c@finalcolumnbadness=\count368
\last@try=\dimen336
\multicolovershoot=\dimen337
\multicolundershoot=\dimen338
\mult@nat@firstbox=\box131
\colbreak@box=\box132
\mc@col@check@num=\count369
)
(C:\Users\emman\AppData\Local\Programs\MiKTeX\tex/latex/booktabs\booktabs.sty
Package: booktabs 2020/01/12 v1.61803398 Publication quality tables
\heavyrulewidth=\dimen339
\lightrulewidth=\dimen340
\cmidrulewidth=\dimen341
\belowrulesep=\dimen342
\belowbottomsep=\dimen343
\aboverulesep=\dimen344
\abovetopsep=\dimen345
\cmidrulesep=\dimen346
\cmidrulekern=\dimen347
\defaultaddspace=\dimen348
\@cmidla=\count370
\@cmidlb=\count371
\@aboverulesep=\dimen349
\@belowrulesep=\dimen350
\@thisruleclass=\count372
\@lastruleclass=\count373
\@thisrulewidth=\dimen351
)
(C:\Users\emman\AppData\Local\Programs\MiKTeX\tex/latex/siunitx\siunitx.sty
Package: siunitx 2022-12-05 v3.1.11 A comprehensive (SI) units package
\l__siunitx_angle_tmp_dim=\dimen352
\l__siunitx_angle_marker_box=\box133
\l__siunitx_angle_unit_box=\box134
\l__siunitx_compound_count_int=\count374

(C:\Users\emman\AppData\Local\Programs\MiKTeX\tex/latex/translations\translatio
ns.sty
Package: translations 2022/02/05 v1.12 internationalization of LaTeX2e packages
 (CN)
)
\l__siunitx_number_exponent_fixed_int=\count375
\l__siunitx_number_min_decimal_int=\count376
\l__siunitx_number_min_integer_int=\count377
\l__siunitx_number_round_precision_int=\count378
\l__siunitx_number_group_first_int=\count379
\l__siunitx_number_group_size_int=\count380
\l__siunitx_number_group_minimum_int=\count381
\l__siunitx_table_tmp_box=\box135
\l__siunitx_table_tmp_dim=\dimen353
\l__siunitx_table_column_width_dim=\dimen354
\l__siunitx_table_integer_box=\box136
\l__siunitx_table_decimal_box=\box137
\l__siunitx_table_before_box=\box138
\l__siunitx_table_after_box=\box139
\l__siunitx_table_before_dim=\dimen355
\l__siunitx_table_carry_dim=\dimen356
\l__siunitx_unit_tmp_int=\count382
\l__siunitx_unit_position_int=\count383
\l__siunitx_unit_total_int=\count384
)
(C:\Users\emman\AppData\Local\Programs\MiKTeX\tex/latex/numprint\numprint.sty
Package: numprint 2012/08/20 v1.39 Print numbers (HH)
\c@nprt@mantissa@digitsbefore=\count385
\c@nprt@mantissa@digitsafter=\count386
\c@nprt@exponent@digitsbefore=\count387
\c@nprt@exponent@digitsafter=\count388
\nprt@digitwidth=\skip154
\nprt@sepwidth=\skip155
\nprt@decimalwidth=\skip156
\nprt@blockwidth=\skip157
\nprt@digittoks=\toks51
\nprt@pretoks=\toks52
\nprt@posttoks=\toks53
\nprt@thisdigit=\count389
\nprt@curpos=\count390
\nprt@rndpos=\count391
\c@nprt@digitsfirstblock=\count392
\c@nprt@blockcnt=\count393
\c@nprt@cntprint=\count394

No configuration file `numprint.cfg' found.)
(C:\Users\emman\AppData\Local\Programs\MiKTeX\tex/latex/listings\lstlang1.sty
File: lstlang1.sty 2020/03/24 1.8d listings language file
)
\c@UPSTInumeroQuestion=\count395
\c@UPSTInumeroActivite=\count396
\c@UPSTInumeroPartie=\count397
\c@UPSTIqcmNumQuestion=\count398

(C:/OneDrive EN/OneDrive - ac-clermont.fr/LaTeX/_Packages\tex/latex/UPSTI\UPSTI
_Typographie_Custom.sty
Package: UPSTI_Typographie_Custom 2017/11/01
))
(C:/OneDrive EN/OneDrive - ac-clermont.fr/LaTeX/_Packages\tex/latex/UPSTI\UPSTI
_Pedagogique.sty
Package: UPSTI_Pedagogique 2022/04/28

(C:\Users\emman\AppData\Local\Programs\MiKTeX\tex/latex/base\fontenc.sty
Package: fontenc 2021/04/29 v2.0v Standard LaTeX package
)
(C:\Users\emman\AppData\Local\Programs\MiKTeX\tex/generic/pgf/frontendlayer/tik
z/libraries\tikzlibraryshapes.code.tex
File: tikzlibraryshapes.code.tex 2021/05/15 v3.1.9a (3.1.9a)

(C:\Users\emman\AppData\Local\Programs\MiKTeX\tex/generic/pgf/frontendlayer/tik
z/libraries\tikzlibraryshapes.geometric.code.tex
File: tikzlibraryshapes.geometric.code.tex 2021/05/15 v3.1.9a (3.1.9a)

(C:\Users\emman\AppData\Local\Programs\MiKTeX\tex/generic/pgf/libraries/shapes\
pgflibraryshapes.geometric.code.tex
File: pgflibraryshapes.geometric.code.tex 2021/05/15 v3.1.9a (3.1.9a)
))
(C:\Users\emman\AppData\Local\Programs\MiKTeX\tex/generic/pgf/frontendlayer/tik
z/libraries\tikzlibraryshapes.misc.code.tex
File: tikzlibraryshapes.misc.code.tex 2021/05/15 v3.1.9a (3.1.9a)

(C:\Users\emman\AppData\Local\Programs\MiKTeX\tex/generic/pgf/libraries/shapes\
pgflibraryshapes.misc.code.tex
File: pgflibraryshapes.misc.code.tex 2021/05/15 v3.1.9a (3.1.9a)
))
(C:\Users\emman\AppData\Local\Programs\MiKTeX\tex/generic/pgf/frontendlayer/tik
z/libraries\tikzlibraryshapes.symbols.code.tex
File: tikzlibraryshapes.symbols.code.tex 2021/05/15 v3.1.9a (3.1.9a)

(C:\Users\emman\AppData\Local\Programs\MiKTeX\tex/generic/pgf/libraries/shapes\
pgflibraryshapes.symbols.code.tex
File: pgflibraryshapes.symbols.code.tex 2021/05/15 v3.1.9a (3.1.9a)
))
(C:\Users\emman\AppData\Local\Programs\MiKTeX\tex/generic/pgf/frontendlayer/tik
z/libraries\tikzlibraryshapes.arrows.code.tex
File: tikzlibraryshapes.arrows.code.tex 2021/05/15 v3.1.9a (3.1.9a)

(C:\Users\emman\AppData\Local\Programs\MiKTeX\tex/generic/pgf/libraries/shapes\
pgflibraryshapes.arrows.code.tex
File: pgflibraryshapes.arrows.code.tex 2021/05/15 v3.1.9a (3.1.9a)
))
(C:\Users\emman\AppData\Local\Programs\MiKTeX\tex/generic/pgf/frontendlayer/tik
z/libraries\tikzlibraryshapes.callouts.code.tex
(C:\Users\emman\AppData\Local\Programs\MiKTeX\tex/generic/pgf/libraries/shapes\
pgflibraryshapes.callouts.code.tex))
(C:\Users\emman\AppData\Local\Programs\MiKTeX\tex/generic/pgf/frontendlayer/tik
z/libraries\tikzlibraryshapes.multipart.code.tex
File: tikzlibraryshapes.multipart.code.tex 2021/05/15 v3.1.9a (3.1.9a)

(C:\Users\emman\AppData\Local\Programs\MiKTeX\tex/generic/pgf/libraries/shapes\
pgflibraryshapes.multipart.code.tex
File: pgflibraryshapes.multipart.code.tex 2021/05/15 v3.1.9a (3.1.9a)
\pgfnodepartlowerbox=\box140
\pgfnodeparttwobox=\box141
\pgfnodepartthreebox=\box142
\pgfnodepartfourbox=\box143
\pgfnodeparttwentybox=\box144
\pgfnodepartnineteenbox=\box145
\pgfnodeparteighteenbox=\box146
\pgfnodepartseventeenbox=\box147
\pgfnodepartsixteenbox=\box148
\pgfnodepartfifteenbox=\box149
\pgfnodepartfourteenbox=\box150
\pgfnodepartthirteenbox=\box151
\pgfnodeparttwelvebox=\box152
\pgfnodepartelevenbox=\box153
\pgfnodeparttenbox=\box154
\pgfnodepartninebox=\box155
\pgfnodeparteightbox=\box156
\pgfnodepartsevenbox=\box157
\pgfnodepartsixbox=\box158
\pgfnodepartfivebox=\box159
)))
(C:\Users\emman\AppData\Local\Programs\MiKTeX\tex/generic/pgf/frontendlayer/tik
z/libraries\tikzlibrarypositioning.code.tex
File: tikzlibrarypositioning.code.tex 2021/05/15 v3.1.9a (3.1.9a)
)
(C:/OneDrive EN/OneDrive - ac-clermont.fr/LaTeX/_Packages\tex/latex/UPSTI\UPSTI
_Pedagogique_programme_2021.sty
Package: UPSTI_Pedagogique_programme_2021 2022/04/28
)
(C:/OneDrive EN/OneDrive - ac-clermont.fr/LaTeX/_Packages\tex/latex/UPSTI\UPSTI
_Pedagogique_Custom.sty
Package: UPSTI_Pedagogique_Custom 2017/11/01
))
(C:/OneDrive EN/OneDrive - ac-clermont.fr/LaTeX/_Packages\tex/latex/EPB_Package
s\schemabloc.sty
Package: schemabloc 2006/12/29

(C:\Users\emman\AppData\Local\Programs\MiKTeX\tex/generic/pgf/frontendlayer/tik
z/libraries\tikzlibraryarrows.code.tex
File: tikzlibraryarrows.code.tex 2021/05/15 v3.1.9a (3.1.9a)

(C:\Users\emman\AppData\Local\Programs\MiKTeX\tex/generic/pgf/libraries\pgflibr
aryarrows.code.tex
File: pgflibraryarrows.code.tex 2021/05/15 v3.1.9a (3.1.9a)
\arrowsize=\dimen357
)))
(C:/OneDrive EN/OneDrive - ac-clermont.fr/LaTeX/_Packages\tex/latex/EPB_Package
s\rpcinematik.sty
Package: rpcinematik 2009/01/19

(C:\Users\emman\AppData\Local\Programs\MiKTeX\tex/latex/esvect\esvect.sty
Package: esvect 
\symesvector=\mathgroup9
)
(C:\Users\emman\AppData\Local\Programs\MiKTeX\tex/generic/pgf/frontendlayer/tik
z/libraries\tikzlibrarychains.code.tex
File: tikzlibrarychains.code.tex 2021/05/15 v3.1.9a (3.1.9a)
)
(C:\Users\emman\AppData\Local\Programs\MiKTeX\tex/generic/pgf/frontendlayer/tik
z/libraries\tikzlibraryfit.code.tex
File: tikzlibraryfit.code.tex 2021/05/15 v3.1.9a (3.1.9a)
))
(C:/OneDrive EN/OneDrive - ac-clermont.fr/LaTeX/_Packages\tex/latex/UPSTI\bodeg
raph.sty
Package: bodegraph 2009/04/06

(C:\Users\emman\AppData\Local\Programs\MiKTeX\tex/generic/pgf/frontendlayer/tik
z/libraries\tikzlibrarybackgrounds.code.tex
File: tikzlibrarybackgrounds.code.tex 2021/05/15 v3.1.9a (3.1.9a)
\pgf@layerbox@background=\box160
\pgf@layerboxsaved@background=\box161
)
\c@idGnuplot=\count399

(C:/OneDrive EN/OneDrive - ac-clermont.fr/LaTeX/_Packages\tex/latex/EPB_Package
s\isom.txt)
(C:/OneDrive EN/OneDrive - ac-clermont.fr/LaTeX/_Packages\tex/latex/EPB_Package
s\isoa.txt)))
(C:\Users\emman\AppData\Local\Programs\MiKTeX\tex/generic/pgf/frontendlayer/tik
z/libraries\tikzlibrarysnakes.code.tex
File: tikzlibrarysnakes.code.tex 2021/05/15 v3.1.9a (3.1.9a)


Package pgf Warning: Snakes have been superseded by decorations. Please use the
 decoration libraries instead of the snakes library on input line 14.


(C:\Users\emman\AppData\Local\Programs\MiKTeX\tex/generic/pgf/frontendlayer/tik
z/libraries\tikzlibrarydecorations.pathreplacing.code.tex
(C:\Users\emman\AppData\Local\Programs\MiKTeX\tex/generic/pgf/libraries/decorat
ions\pgflibrarydecorations.pathreplacing.code.tex))
(C:\Users\emman\AppData\Local\Programs\MiKTeX\tex/generic/pgf/frontendlayer/tik
z/libraries\tikzlibrarydecorations.shapes.code.tex
(C:\Users\emman\AppData\Local\Programs\MiKTeX\tex/generic/pgf/libraries/decorat
ions\pgflibrarydecorations.shapes.code.tex)))
(C:\Users\emman\AppData\Local\Programs\MiKTeX\tex/generic/catchfile\catchfile.s
ty
Package: catchfile 2019/12/09 v1.8 Catch the contents of a file (HO)
) (C:\Users\emman\AppData\Local\Programs\MiKTeX\tex/latex/newfile\newfile.sty
Package: newfile 2009/09/03 v1.0c Output and input files
(C:\Users\emman\AppData\Local\Programs\MiKTeX\tex/latex/tools\verbatim.sty
Package: verbatim 2020-07-07 v1.5u LaTeX2e package for verbatim enhancements
\every@verbatim=\toks54
\verbatim@line=\toks55
\verbatim@in@stream=\read4
)
\c@streamvline=\count400
)
\c@revisions=\count401

No file UPSTI_Snippets.aux.
\openout1 = `UPSTI_Snippets.aux'.

LaTeX Font Info:    Checking defaults for OML/cmm/m/it on input line 67.
LaTeX Font Info:    ... okay on input line 67.
LaTeX Font Info:    Checking defaults for OMS/cmsy/m/n on input line 67.
LaTeX Font Info:    ... okay on input line 67.
LaTeX Font Info:    Checking defaults for OT1/cmr/m/n on input line 67.
LaTeX Font Info:    ... okay on input line 67.
LaTeX Font Info:    Checking defaults for T1/cmr/m/n on input line 67.
LaTeX Font Info:    ... okay on input line 67.
LaTeX Font Info:    Checking defaults for TS1/cmr/m/n on input line 67.
LaTeX Font Info:    ... okay on input line 67.
LaTeX Font Info:    Checking defaults for OMX/cmex/m/n on input line 67.
LaTeX Font Info:    ... okay on input line 67.
LaTeX Font Info:    Checking defaults for U/cmr/m/n on input line 67.
LaTeX Font Info:    ... okay on input line 67.
LaTeX Font Info:    Checking defaults for PD1/pdf/m/n on input line 67.
LaTeX Font Info:    ... okay on input line 67.
LaTeX Font Info:    Checking defaults for PU/pdf/m/n on input line 67.
LaTeX Font Info:    ... okay on input line 67.
LaTeX Info: Redefining \degres on input line 67.
Package french.ldf Info: Setting StandardItemizeEnv=true for
(french.ldf)             compatibility with enumitem package,
(french.ldf)             reported on input line 67.
Package french.ldf Info: Setting StandardEnumerateEnv=true for
(french.ldf)             compatibility with enumitem package,
(french.ldf)             reported on input line 67.
LaTeX Info: Redefining \up on input line 67.

(C:\Users\emman\AppData\Local\Programs\MiKTeX\tex/context/base/mkii\supp-pdf.mk
ii
[Loading MPS to PDF converter (version 2006.09.02).]
\scratchcounter=\count402
\scratchdimen=\dimen358
\scratchbox=\box162
\nofMPsegments=\count403
\nofMParguments=\count404
\everyMPshowfont=\toks56
\MPscratchCnt=\count405
\MPscratchDim=\dimen359
\MPnumerator=\count406
\makeMPintoPDFobject=\count407
\everyMPtoPDFconversion=\toks57
)
(C:\Users\emman\AppData\Local\Programs\MiKTeX\tex/latex/epstopdf-pkg\epstopdf-b
ase.sty
Package: epstopdf-base 2020-01-24 v2.11 Base part for package epstopdf
Package epstopdf-base Info: Redefining graphics rule for `.eps' on input line 4
85.

(C:\Users\emman\AppData\Local\Programs\MiKTeX\tex/latex/00miktex\epstopdf-sys.c
fg
File: epstopdf-sys.cfg 2021/03/18 v2.0 Configuration of epstopdf for MiKTeX
))
*geometry* driver: auto-detecting
*geometry* detected driver: pdftex
*geometry* verbose mode - [ preamble ] result:
* driver: pdftex
* paper: a4paper
* layout: <same size as paper>
* layoutoffset:(h,v)=(0.0pt,0.0pt)
* modes: 
* h-part:(L,W,R)=(56.9055pt, 483.69687pt, 56.9055pt)
* v-part:(T,H,B)=(56.9055pt, 665.79442pt, 122.34692pt)
* \paperwidth=597.50787pt
* \paperheight=845.04684pt
* \textwidth=483.69687pt
* \textheight=665.79442pt
* \oddsidemargin=-15.36449pt
* \evensidemargin=-15.36449pt
* \topmargin=-52.36449pt
* \headheight=12.0pt
* \headsep=25.0pt
* \topskip=11.0pt
* \footskip=142.26378pt
* \marginparwidth=59.0pt
* \marginparsep=10.0pt
* \columnsep=10.0pt
* \skip\footins=10.0pt plus 4.0pt minus 2.0pt
* \hoffset=0.0pt
* \voffset=0.0pt
* \mag=1000
* \@twocolumnfalse
* \@twosidefalse
* \@mparswitchfalse
* \@reversemarginfalse
* (1in=72.27pt=25.4mm, 1cm=28.453pt)

Package lastpage Info: Please have a look at the pageslts package at
(lastpage)             https://www.ctan.org/pkg/pageslts
(lastpage)             ! on input line 67.
Package hyperref Info: Link coloring OFF on input line 67.
\@outlinefile=\write4
\openout4 = `UPSTI_Snippets.out'.

LaTeX Info: Redefining \[ on input line 67.
LaTeX Info: Redefining \] on input line 67.
Package caption Info: Begin \AtBeginDocument code.
Package caption Info: listings package is loaded.
Package caption Info: longtable package is loaded.
(C:\Users\emman\AppData\Local\Programs\MiKTeX\tex/latex/caption\ltcaption.sty
Package: ltcaption 2021/01/08 v1.4c longtable captions (AR)
)
Package caption Info: End \AtBeginDocument code.
\c@lstlisting=\count408

(C:\Users\emman\AppData\Local\Programs\MiKTeX\tex/latex/translations/dicts\tran
slations-basic-dictionary-french.trsl
File: translations-basic-dictionary-french.trsl (french translation file `trans
lations-basic-dictionary')
)
Package translations Info: loading dictionary `translations-basic-dictionary' f
or `french'. on input line 67.
<D:/LaTeX/Templates/UPSTI/logoLycee.png, id=30, 250.9375pt x 371.3875pt>
File: D:/LaTeX/Templates/UPSTI/logoLycee.png Graphic file (type png)
<use D:/LaTeX/Templates/UPSTI/logoLycee.png>
Package pdftex.def Info: D:/LaTeX/Templates/UPSTI/logoLycee.png  used on input 
line 70.
(pdftex.def)             Requested size: 66.86414pt x 98.96123pt.
LaTeX Font Info:    Trying to load font information for U+msa on input line 70.


(C:\Users\emman\AppData\Local\Programs\MiKTeX\tex/latex/amsfonts\umsa.fd
File: umsa.fd 2013/01/14 v3.01 AMS symbols A
)
LaTeX Font Info:    Trying to load font information for U+msb on input line 70.


(C:\Users\emman\AppData\Local\Programs\MiKTeX\tex/latex/amsfonts\umsb.fd
File: umsb.fd 2013/01/14 v3.01 AMS symbols B
)
LaTeX Font Info:    Trying to load font information for U+rsfs on input line 70
.

(C:\Users\emman\AppData\Local\Programs\MiKTeX\tex/latex/jknappen\ursfs.fd
File: ursfs.fd 1998/03/24 rsfs font definition file (jk)
)
LaTeX Font Info:    Trying to load font information for U+wasy on input line 70
.

(C:\Users\emman\AppData\Local\Programs\MiKTeX\tex/latex/wasysym\uwasy.fd
File: uwasy.fd 2020/01/19 v2.4 Wasy-2 symbol font definitions
)
LaTeX Font Info:    Trying to load font information for U+esvect on input line 
70.

(C:\Users\emman\AppData\Local\Programs\MiKTeX\tex/latex/esvect\uesvect.fd
File: uesvect.fd 
)
No file UPSTI_Snippets.toc.
\tf@toc=\write5
\openout5 = `UPSTI_Snippets.toc'.

<D:/LaTeX/Templates/UPSTI/logoAuteur.png, id=32, 100.375pt x 112.42pt>
File: D:/LaTeX/Templates/UPSTI/logoAuteur.png Graphic file (type png)
<use D:/LaTeX/Templates/UPSTI/logoAuteur.png>
Package pdftex.def Info: D:/LaTeX/Templates/UPSTI/logoAuteur.png  used on input
 line 74.
(pdftex.def)             Requested size: 23.2144pt x 26.00014pt.

LaTeX Warning: Reference `LastPage' on page 1 undefined on input line 74.

File: D:/LaTeX/Templates/UPSTI/logoLicence.png Graphic file (type png)
<use D:/LaTeX/Templates/UPSTI/logoLicence.png>
Package pdftex.def Info: D:/LaTeX/Templates/UPSTI/logoLicence.png  used on inpu
t line 74.
(pdftex.def)             Requested size: 41.59572pt x 13.0pt.
[1{C:/Users/emman/AppData/Local/MiKTeX/fonts/map/pdftex/pdftex.map}

 <D:/LaTeX/Templates/UPSTI/logoAuteur.png> <D:/LaTeX/Templates/UPSTI/logoLicenc
e.png> <D:/LaTeX/Templates/UPSTI/logoLycee.png>]
<Src/Images/image.png, id=53, 803.0pt x 725.71124pt>
File: Src/Images/image.png Graphic file (type png)
<use Src/Images/image.png>
Package pdftex.def Info: Src/Images/image.png  used on input line 78.
(pdftex.def)             Requested size: 227.62204pt x 205.71143pt.
File: Src/Images/image.png Graphic file (type png)
<use Src/Images/image.png>
Package pdftex.def Info: Src/Images/image.png  used on input line 86.
(pdftex.def)             Requested size: 128.0374pt x 115.70645pt.
File: Src/Images/image.png Graphic file (type png)
<use Src/Images/image.png>
Package pdftex.def Info: Src/Images/image.png  used on input line 95.
(pdftex.def)             Requested size: 174.12701pt x 157.36476pt.


Package caption Warning: The option `hypcap=true' will be ignored for this
(caption)                particular \caption on input line 96.
See the caption package documentation for explanation.

File: Src/Images/image.png Graphic file (type png)
<use Src/Images/image.png>
Package pdftex.def Info: Src/Images/image.png  used on input line 106.
(pdftex.def)             Requested size: 130.59859pt x 118.0208pt.
File: Src/Images/image.png Graphic file (type png)
<use Src/Images/image.png>
Package pdftex.def Info: Src/Images/image.png  used on input line 111.
(pdftex.def)             Requested size: 130.59859pt x 118.0208pt.
File: Src/Images/image.png Graphic file (type png)
<use Src/Images/image.png>
Package pdftex.def Info: Src/Images/image.png  used on input line 116.
(pdftex.def)             Requested size: 130.59859pt x 118.0208pt.
File: D:/LaTeX/Templates/UPSTI/logoAuteur.png Graphic file (type png)
<use D:/LaTeX/Templates/UPSTI/logoAuteur.png>
Package pdftex.def Info: D:/LaTeX/Templates/UPSTI/logoAuteur.png  used on input
 line 131.
(pdftex.def)             Requested size: 23.2144pt x 26.00014pt.

LaTeX Warning: Reference `LastPage' on page 2 undefined on input line 131.

File: D:/LaTeX/Templates/UPSTI/logoLicence.png Graphic file (type png)
<use D:/LaTeX/Templates/UPSTI/logoLicence.png>
Package pdftex.def Info: D:/LaTeX/Templates/UPSTI/logoLicence.png  used on inpu
t line 131.
(pdftex.def)             Requested size: 41.59572pt x 13.0pt.
[2 <./Src/Images/image.png (PNG copy)>]
File: D:/LaTeX/Templates/UPSTI/logoAuteur.png Graphic file (type png)
<use D:/LaTeX/Templates/UPSTI/logoAuteur.png>
Package pdftex.def Info: D:/LaTeX/Templates/UPSTI/logoAuteur.png  used on input
 line 160.
(pdftex.def)             Requested size: 23.2144pt x 26.00014pt.


LaTeX Warning: Reference `LastPage' on page 3 undefined on input line 160.

File: D:/LaTeX/Templates/UPSTI/logoLicence.png Graphic file (type png)
<use D:/LaTeX/Templates/UPSTI/logoLicence.png>
Package pdftex.def Info: D:/LaTeX/Templates/UPSTI/logoLicence.png  used on inpu
t line 160.
(pdftex.def)             Requested size: 41.59572pt x 13.0pt.
[3]
Missing character: There is no ; in font nullfont!
File: D:/LaTeX/Templates/UPSTI/logoAuteur.png Graphic file (type png)
<use D:/LaTeX/Templates/UPSTI/logoAuteur.png>
Package pdftex.def Info: D:/LaTeX/Templates/UPSTI/logoAuteur.png  used on input
 line 220.
(pdftex.def)             Requested size: 23.2144pt x 26.00014pt.

LaTeX Warning: Reference `LastPage' on page 4 undefined on input line 220.

File: D:/LaTeX/Templates/UPSTI/logoLicence.png Graphic file (type png)
<use D:/LaTeX/Templates/UPSTI/logoLicence.png>
Package pdftex.def Info: D:/LaTeX/Templates/UPSTI/logoLicence.png  used on inpu
t line 220.
(pdftex.def)             Requested size: 41.59572pt x 13.0pt.
[4]
Missing character: There is no ; in font nullfont!
Missing character: There is no ; in font nullfont!
Missing character: There is no ; in font nullfont!
File: D:/LaTeX/Templates/UPSTI/logoAuteur.png Graphic file (type png)
<use D:/LaTeX/Templates/UPSTI/logoAuteur.png>
Package pdftex.def Info: D:/LaTeX/Templates/UPSTI/logoAuteur.png  used on input
 line 286.
(pdftex.def)             Requested size: 23.2144pt x 26.00014pt.

LaTeX Warning: Reference `LastPage' on page 5 undefined on input line 286.

File: D:/LaTeX/Templates/UPSTI/logoLicence.png Graphic file (type png)
<use D:/LaTeX/Templates/UPSTI/logoLicence.png>
Package pdftex.def Info: D:/LaTeX/Templates/UPSTI/logoLicence.png  used on inpu
t line 286.
(pdftex.def)             Requested size: 41.59572pt x 13.0pt.
[5]
Missing character: There is no ; in font nullfont!
Missing character: There is no ; in font nullfont!
Missing character: There is no ; in font nullfont!
Missing character: There is no ; in font nullfont!
File: D:/LaTeX/Templates/UPSTI/logoAuteur.png Graphic file (type png)
<use D:/LaTeX/Templates/UPSTI/logoAuteur.png>
Package pdftex.def Info: D:/LaTeX/Templates/UPSTI/logoAuteur.png  used on input
 line 346.
(pdftex.def)             Requested size: 23.2144pt x 26.00014pt.

LaTeX Warning: Reference `LastPage' on page 6 undefined on input line 346.

File: D:/LaTeX/Templates/UPSTI/logoLicence.png Graphic file (type png)
<use D:/LaTeX/Templates/UPSTI/logoLicence.png>
Package pdftex.def Info: D:/LaTeX/Templates/UPSTI/logoLicence.png  used on inpu
t line 346.
(pdftex.def)             Requested size: 41.59572pt x 13.0pt.
[6]

Package pgf Warning: Returning node center instead of a point on node border. D
id you specify a point identical to the center of node ``DebutRetour''? on inpu
t line 354.

File: D:/LaTeX/Templates/UPSTI/logoAuteur.png Graphic file (type png)
<use D:/LaTeX/Templates/UPSTI/logoAuteur.png>
Package pdftex.def Info: D:/LaTeX/Templates/UPSTI/logoAuteur.png  used on input
 line 434.
(pdftex.def)             Requested size: 23.2144pt x 26.00014pt.

LaTeX Warning: Reference `LastPage' on page 7 undefined on input line 434.

File: D:/LaTeX/Templates/UPSTI/logoLicence.png Graphic file (type png)
<use D:/LaTeX/Templates/UPSTI/logoLicence.png>
Package pdftex.def Info: D:/LaTeX/Templates/UPSTI/logoLicence.png  used on inpu
t line 434.
(pdftex.def)             Requested size: 41.59572pt x 13.0pt.
[7]
File: D:/LaTeX/Templates/UPSTI/logoAuteur.png Graphic file (type png)
<use D:/LaTeX/Templates/UPSTI/logoAuteur.png>
Package pdftex.def Info: D:/LaTeX/Templates/UPSTI/logoAuteur.png  used on input
 line 499.
(pdftex.def)             Requested size: 23.2144pt x 26.00014pt.


LaTeX Warning: Reference `LastPage' on page 8 undefined on input line 499.

File: D:/LaTeX/Templates/UPSTI/logoLicence.png Graphic file (type png)
<use D:/LaTeX/Templates/UPSTI/logoLicence.png>
Package pdftex.def Info: D:/LaTeX/Templates/UPSTI/logoLicence.png  used on inpu
t line 499.
(pdftex.def)             Requested size: 41.59572pt x 13.0pt.
[8]
File: D:/LaTeX/Templates/UPSTI/logoAuteur.png Graphic file (type png)
<use D:/LaTeX/Templates/UPSTI/logoAuteur.png>
Package pdftex.def Info: D:/LaTeX/Templates/UPSTI/logoAuteur.png  used on input
 line 653.
(pdftex.def)             Requested size: 23.2144pt x 26.00014pt.


LaTeX Warning: Reference `LastPage' on page 9 undefined on input line 653.

File: D:/LaTeX/Templates/UPSTI/logoLicence.png Graphic file (type png)
<use D:/LaTeX/Templates/UPSTI/logoLicence.png>
Package pdftex.def Info: D:/LaTeX/Templates/UPSTI/logoLicence.png  used on inpu
t line 653.
(pdftex.def)             Requested size: 41.59572pt x 13.0pt.
[9]
File: D:/LaTeX/Templates/UPSTI/logoAuteur.png Graphic file (type png)
<use D:/LaTeX/Templates/UPSTI/logoAuteur.png>
Package pdftex.def Info: D:/LaTeX/Templates/UPSTI/logoAuteur.png  used on input
 line 769.
(pdftex.def)             Requested size: 23.2144pt x 26.00014pt.


LaTeX Warning: Reference `LastPage' on page 10 undefined on input line 769.

File: D:/LaTeX/Templates/UPSTI/logoLicence.png Graphic file (type png)
<use D:/LaTeX/Templates/UPSTI/logoLicence.png>
Package pdftex.def Info: D:/LaTeX/Templates/UPSTI/logoLicence.png  used on inpu
t line 769.
(pdftex.def)             Requested size: 41.59572pt x 13.0pt.
[10]
File: D:/LaTeX/Templates/UPSTI/logoAuteur.png Graphic file (type png)
<use D:/LaTeX/Templates/UPSTI/logoAuteur.png>
Package pdftex.def Info: D:/LaTeX/Templates/UPSTI/logoAuteur.png  used on input
 line 883.
(pdftex.def)             Requested size: 23.2144pt x 26.00014pt.


LaTeX Warning: Reference `LastPage' on page 11 undefined on input line 883.

File: D:/LaTeX/Templates/UPSTI/logoLicence.png Graphic file (type png)
<use D:/LaTeX/Templates/UPSTI/logoLicence.png>
Package pdftex.def Info: D:/LaTeX/Templates/UPSTI/logoLicence.png  used on inpu
t line 883.
(pdftex.def)             Requested size: 41.59572pt x 13.0pt.
[11]
Overfull \hbox (1.69539pt too wide) in paragraph at lines 910--910
 [][][]\T1/cmr/m/n/10.95 Communiquer[] 
 []


Overfull \hbox (1.69539pt too wide) in paragraph at lines 912--912
 [][][]\T1/cmr/m/n/10.95 Communiquer[] 
 []

LaTeX Font Info:    Trying to load font information for T1+cmtt on input line 9
23.
(C:\Users\emman\AppData\Local\Programs\MiKTeX\tex/latex/base\t1cmtt.fd
File: t1cmtt.fd 2022/07/10 v2.5l Standard LaTeX font definitions
)
File: D:/LaTeX/Templates/UPSTI/logoAuteur.png Graphic file (type png)
<use D:/LaTeX/Templates/UPSTI/logoAuteur.png>
Package pdftex.def Info: D:/LaTeX/Templates/UPSTI/logoAuteur.png  used on input
 line 925.
(pdftex.def)             Requested size: 23.2144pt x 26.00014pt.


LaTeX Warning: Reference `LastPage' on page 12 undefined on input line 925.

File: D:/LaTeX/Templates/UPSTI/logoLicence.png Graphic file (type png)
<use D:/LaTeX/Templates/UPSTI/logoLicence.png>
Package pdftex.def Info: D:/LaTeX/Templates/UPSTI/logoLicence.png  used on inpu
t line 925.
(pdftex.def)             Requested size: 41.59572pt x 13.0pt.
[12]
Package mdframed Info: Not enough space on this page on input line 925.
Package mdframed Info: Not enough space on this page on input line 979.
File: D:/LaTeX/Templates/UPSTI/logoAuteur.png Graphic file (type png)
<use D:/LaTeX/Templates/UPSTI/logoAuteur.png>
Package pdftex.def Info: D:/LaTeX/Templates/UPSTI/logoAuteur.png  used on input
 line 979.
(pdftex.def)             Requested size: 23.2144pt x 26.00014pt.


LaTeX Warning: Reference `LastPage' on page 13 undefined on input line 979.

File: D:/LaTeX/Templates/UPSTI/logoLicence.png Graphic file (type png)
<use D:/LaTeX/Templates/UPSTI/logoLicence.png>
Package pdftex.def Info: D:/LaTeX/Templates/UPSTI/logoLicence.png  used on inpu
t line 979.
(pdftex.def)             Requested size: 41.59572pt x 13.0pt.
[13]
Package mdframed Info: Not enough space on this page on input line 979.

Missing character: There is no ; in font nullfont!
Missing character: There is no ; in font nullfont!
Missing character: There is no ; in font nullfont!
Missing character: There is no ; in font nullfont!
Missing character: There is no ; in font nullfont!
\openout3 = `Src/Gnuplot/reponse_premier_ordre.gnuplot'.

runsystem(gnuplot Src/Gnuplot/reponse_premier_ordre.gnuplot)...executed.


AED: lastpage setting LastPage
File: D:/LaTeX/Templates/UPSTI/logoAuteur.png Graphic file (type png)
<use D:/LaTeX/Templates/UPSTI/logoAuteur.png>
Package pdftex.def Info: D:/LaTeX/Templates/UPSTI/logoAuteur.png  used on input
 line 1045.
(pdftex.def)             Requested size: 23.2144pt x 26.00014pt.

LaTeX Warning: Reference `LastPage' on page 14 undefined on input line 1045.

File: D:/LaTeX/Templates/UPSTI/logoLicence.png Graphic file (type png)
<use D:/LaTeX/Templates/UPSTI/logoLicence.png>
Package pdftex.def Info: D:/LaTeX/Templates/UPSTI/logoLicence.png  used on inpu
t line 1045.
(pdftex.def)             Requested size: 41.59572pt x 13.0pt.
[14] (UPSTI_Snippets.aux)
\revisionoutstre@m=\write6
\openout6 = `UPSTI_Snippets.revision'.

\versionoutstre@m=\write7
\openout7 = `UPSTI_Snippets.version'.



LaTeX Warning: There were undefined references.


LaTeX Warning: Label(s) may have changed. Rerun to get cross-references right.


Package rerunfilecheck Warning: File `UPSTI_Snippets.out' has changed.
(rerunfilecheck)                Rerun to get outlines right
(rerunfilecheck)                or use package `bookmark'.

Package rerunfilecheck Info: Checksums for `UPSTI_Snippets.out':
(rerunfilecheck)             Before: <no file>
(rerunfilecheck)             After:  FE65386B270FF59C1C2BF1F6AEC783F5;1386.
 ) 
Here is how much of TeX's memory you used:
 42181 strings out of 476406
 864214 string characters out of 2789566
 1942787 words of memory out of 3000000
 61715 multiletter control sequences out of 15000+600000
 536473 words of font info for 102 fonts, out of 8000000 for 9000
 1141 hyphenation exceptions out of 8191
 130i,25n,145p,1202b,1236s stack positions out of 10000i,1000n,20000p,200000b,80000s
 <C:\Users\emman\AppData\Local\MiKTeX\fonts/pk/ljfour/jknappen/ec/dpi600\ectt
1095.pk> <C:\Users\emman\AppData\Local\MiKTeX\fonts/pk/ljfour/jknappen/ec/dpi60
0\ecbx0800.pk> <C:\Users\emman\AppData\Local\MiKTeX\fonts/pk/ljfour/jknappen/ec
/dpi600\ecrm0800.pk> <C:\Users\emman\AppData\Local\MiKTeX\fonts/pk/ljfour/jknap
pen/ec/dpi600\eccc1095.pk> <C:\Users\emman\AppData\Local\MiKTeX\fonts/pk/ljfour
/jknappen/ec/dpi600\ecbx1440.pk> <C:\Users\emman\AppData\Local\MiKTeX\fonts/pk/
ljfour/jknappen/ec/dpi600\tcrm1000.pk> <C:\Users\emman\AppData\Local\MiKTeX\fon
ts/pk/ljfour/jknappen/ec/dpi600\ecrm1095.pk> <C:\Users\emman\AppData\Local\MiKT
eX\fonts/pk/ljfour/jknappen/ec/dpi600\ecrm1440.pk> <C:\Users\emman\AppData\Loca
l\MiKTeX\fonts/pk/ljfour/jknappen/ec/dpi600\ecxc2074.pk> <C:\Users\emman\AppDat
a\Local\MiKTeX\fonts/pk/ljfour/jknappen/ec/dpi600\ecbx1095.pk> <C:\Users\emman\
AppData\Local\MiKTeX\fonts/pk/ljfour/jknappen/ec/dpi600\ecrm1000.pk> <C:\Users\
emman\AppData\Local\MiKTeX\fonts/pk/ljfour/jknappen/ec/dpi600\ecbx0900.pk> <C:\
Users\emman\AppData\Local\MiKTeX\fonts/pk/ljfour/jknappen/ec/dpi600\ecrm0900.pk
> <C:\Users\emman\AppData\Local\MiKTeX\fonts/pk/ljfour/jknappen/ec/dpi600\ecrm0
600.pk><C:/Users/emman/AppData/Local/Programs/MiKTeX/fonts/type1/public/amsfont
s/cm/cmex10.pfb><C:/Users/emman/AppData/Local/Programs/MiKTeX/fonts/type1/publi
c/amsfonts/cm/cmmi10.pfb><C:/Users/emman/AppData/Local/Programs/MiKTeX/fonts/ty
pe1/public/amsfonts/cm/cmmi6.pfb><C:/Users/emman/AppData/Local/Programs/MiKTeX/
fonts/type1/public/amsfonts/cm/cmmi8.pfb><C:/Users/emman/AppData/Local/Programs
/MiKTeX/fonts/type1/public/amsfonts/cm/cmr10.pfb><C:/Users/emman/AppData/Local/
Programs/MiKTeX/fonts/type1/public/amsfonts/cm/cmr6.pfb><C:/Users/emman/AppData
/Local/Programs/MiKTeX/fonts/type1/public/amsfonts/cm/cmr8.pfb><C:/Users/emman/
AppData/Local/Programs/MiKTeX/fonts/type1/public/amsfonts/cm/cmsy10.pfb><C:/Use
rs/emman/AppData/Local/Programs/MiKTeX/fonts/type1/public/amsfonts/cm/cmsy6.pfb
><C:/Users/emman/AppData/Local/Programs/MiKTeX/fonts/type1/public/amsfonts/cm/c
msy8.pfb><C:/Users/emman/AppData/Local/Programs/MiKTeX/fonts/type1/public/rsfs/
rsfs10.pfb>
Output written on UPSTI_Snippets.pdf (14 pages, 599619 bytes).
PDF statistics:
 542 PDF objects out of 1000 (max. 8388607)
 44 named destinations out of 1000 (max. 500000)
 129 words of extra memory for PDF output out of 10000 (max. 10000000)

